mode: atomic
github.com/bianyuanop/oraclevm/consts/consts.go:22.13,26.16 4 0
github.com/bianyuanop/oraclevm/consts/consts.go:26.16,27.13 1 0
github.com/bianyuanop/oraclevm/consts/consts.go:29.2,29.11 1 0
github.com/bianyuanop/oraclevm/programs/binary_aggregator.go:18.36,22.2 1 0
github.com/bianyuanop/oraclevm/programs/binary_aggregator.go:24.51,25.19 1 0
github.com/bianyuanop/oraclevm/programs/binary_aggregator.go:25.19,27.3 1 0
github.com/bianyuanop/oraclevm/programs/binary_aggregator.go:29.2,31.12 3 0
github.com/bianyuanop/oraclevm/programs/binary_aggregator.go:34.49,38.2 3 0
github.com/bianyuanop/oraclevm/programs/binary_aggregator.go:40.75,42.9 2 0
github.com/bianyuanop/oraclevm/programs/binary_aggregator.go:42.9,44.3 1 0
github.com/bianyuanop/oraclevm/programs/binary_aggregator.go:45.2,45.26 1 0
github.com/bianyuanop/oraclevm/programs/binary_aggregator.go:45.26,47.3 1 0
github.com/bianyuanop/oraclevm/programs/binary_aggregator.go:49.2,49.21 1 0
github.com/bianyuanop/oraclevm/programs/binary_aggregator.go:60.46,66.2 1 0
github.com/bianyuanop/oraclevm/programs/binary_aggregator.go:68.71,70.16 2 0
github.com/bianyuanop/oraclevm/programs/binary_aggregator.go:70.16,72.3 1 0
github.com/bianyuanop/oraclevm/programs/binary_aggregator.go:74.2,75.12 2 0
github.com/bianyuanop/oraclevm/programs/binary_aggregator.go:78.50,79.27 1 0
github.com/bianyuanop/oraclevm/programs/binary_aggregator.go:79.27,81.3 1 0
github.com/bianyuanop/oraclevm/programs/binary_aggregator.go:83.2,84.37 2 0
github.com/bianyuanop/oraclevm/programs/binary_aggregator.go:84.37,86.3 1 0
github.com/bianyuanop/oraclevm/programs/binary_aggregator.go:88.2,91.12 4 0
github.com/bianyuanop/oraclevm/programs/binary_aggregator.go:91.12,92.43 1 0
github.com/bianyuanop/oraclevm/programs/binary_aggregator.go:92.43,96.4 2 0
github.com/bianyuanop/oraclevm/programs/binary_aggregator.go:99.2,101.34 3 0
github.com/bianyuanop/oraclevm/programs/binary_aggregator.go:101.34,102.27 1 0
github.com/bianyuanop/oraclevm/programs/binary_aggregator.go:102.27,105.4 2 0
github.com/bianyuanop/oraclevm/programs/binary_aggregator.go:108.2,110.3 1 0
github.com/bianyuanop/oraclevm/programs/binary_aggregator.go:113.55,115.2 1 0
github.com/bianyuanop/oraclevm/programs/binary_aggregator.go:117.77,119.16 2 0
github.com/bianyuanop/oraclevm/programs/binary_aggregator.go:119.16,121.3 1 0
github.com/bianyuanop/oraclevm/programs/binary_aggregator.go:123.2,123.72 1 0
github.com/bianyuanop/oraclevm/programs/binary_aggregator.go:126.49,128.2 1 0
github.com/bianyuanop/oraclevm/programs/program.go:12.73,13.19 1 0
github.com/bianyuanop/oraclevm/programs/program.go:14.33,16.43 2 0
github.com/bianyuanop/oraclevm/programs/program.go:16.43,18.4 1 0
github.com/bianyuanop/oraclevm/programs/program.go:19.3,19.19 1 0
github.com/bianyuanop/oraclevm/programs/program.go:20.10,21.59 1 0
github.com/bianyuanop/oraclevm/programs/program.go:35.58,36.19 1 0
github.com/bianyuanop/oraclevm/programs/program.go:37.33,38.36 1 0
github.com/bianyuanop/oraclevm/programs/program.go:39.10,40.59 1 0
github.com/bianyuanop/oraclevm/common/types.go:15.53,18.2 2 0
github.com/bianyuanop/oraclevm/common/types.go:20.64,23.20 3 0
github.com/bianyuanop/oraclevm/common/types.go:23.20,25.3 1 0
github.com/bianyuanop/oraclevm/common/types.go:26.2,26.18 1 0
github.com/bianyuanop/oraclevm/common/types.go:39.35,41.2 1 0
github.com/bianyuanop/oraclevm/common/types.go:44.94,45.61 1 0
github.com/bianyuanop/oraclevm/common/types.go:45.61,47.3 1 0
github.com/bianyuanop/oraclevm/common/types.go:47.5,49.3 1 0
github.com/bianyuanop/oraclevm/common/types.go:51.2,54.22 3 0
github.com/bianyuanop/oraclevm/common/types.go:54.22,56.3 1 0
github.com/bianyuanop/oraclevm/common/types.go:57.2,58.12 2 0
github.com/bianyuanop/oraclevm/common/types.go:61.47,69.35 8 0
github.com/bianyuanop/oraclevm/common/types.go:69.35,70.43 1 0
github.com/bianyuanop/oraclevm/common/types.go:70.43,72.4 1 0
github.com/bianyuanop/oraclevm/common/types.go:75.2,75.27 1 0
github.com/bianyuanop/oraclevm/common/types.go:78.57,86.39 8 0
github.com/bianyuanop/oraclevm/common/types.go:86.39,88.17 2 0
github.com/bianyuanop/oraclevm/common/types.go:88.17,90.4 1 0
github.com/bianyuanop/oraclevm/common/types.go:91.3,91.36 1 0
github.com/bianyuanop/oraclevm/common/types.go:94.2,94.20 1 0
github.com/bianyuanop/oraclevm/common/types.go:94.20,96.3 1 0
github.com/bianyuanop/oraclevm/common/types.go:98.2,104.8 1 0
github.com/bianyuanop/oraclevm/common/types.go:114.52,118.20 4 0
github.com/bianyuanop/oraclevm/common/types.go:118.20,120.3 1 0
github.com/bianyuanop/oraclevm/common/types.go:121.2,121.12 1 0
github.com/bianyuanop/oraclevm/common/types.go:124.62,129.32 5 0
github.com/bianyuanop/oraclevm/common/types.go:129.32,131.3 1 0
github.com/bianyuanop/oraclevm/common/types.go:132.2,132.17 1 0
github.com/bianyuanop/oraclevm/common/types.go:135.65,138.27 3 0
github.com/bianyuanop/oraclevm/common/types.go:138.27,139.38 1 0
github.com/bianyuanop/oraclevm/common/types.go:139.38,141.4 1 0
github.com/bianyuanop/oraclevm/common/types.go:143.2,143.32 1 0
github.com/bianyuanop/oraclevm/common/types.go:143.32,145.3 1 0
github.com/bianyuanop/oraclevm/common/types.go:146.2,146.23 1 0
github.com/bianyuanop/oraclevm/common/types.go:149.64,152.32 3 0
github.com/bianyuanop/oraclevm/common/types.go:152.32,154.3 1 0
github.com/bianyuanop/oraclevm/common/types.go:156.2,157.38 2 0
github.com/bianyuanop/oraclevm/common/types.go:157.38,159.17 2 0
github.com/bianyuanop/oraclevm/common/types.go:159.17,161.4 1 0
github.com/bianyuanop/oraclevm/common/types.go:162.3,162.26 1 0
github.com/bianyuanop/oraclevm/common/types.go:164.2,164.17 1 0
github.com/bianyuanop/oraclevm/common/utils.go:8.61,11.29 3 0
github.com/bianyuanop/oraclevm/common/utils.go:11.29,13.3 1 0
github.com/bianyuanop/oraclevm/common/utils.go:15.2,15.27 1 0
github.com/bianyuanop/oraclevm/common/utils.go:18.59,22.37 4 0
github.com/bianyuanop/oraclevm/common/utils.go:22.37,26.3 3 0
github.com/bianyuanop/oraclevm/common/utils.go:28.2,28.21 1 0
github.com/bianyuanop/oraclevm/throughput/helper.go:37.65,39.16 2 0
github.com/bianyuanop/oraclevm/throughput/helper.go:39.16,41.3 1 0
github.com/bianyuanop/oraclevm/throughput/helper.go:43.2,44.16 2 0
github.com/bianyuanop/oraclevm/throughput/helper.go:47.54,50.16 3 0
github.com/bianyuanop/oraclevm/throughput/helper.go:50.16,52.3 1 0
github.com/bianyuanop/oraclevm/throughput/helper.go:53.2,54.12 2 0
github.com/bianyuanop/oraclevm/throughput/helper.go:57.76,59.2 1 0
github.com/bianyuanop/oraclevm/throughput/helper.go:61.76,63.16 2 0
github.com/bianyuanop/oraclevm/throughput/helper.go:63.16,65.3 1 0
github.com/bianyuanop/oraclevm/throughput/helper.go:67.2,67.21 1 0
github.com/bianyuanop/oraclevm/throughput/helper.go:70.98,76.2 1 0
github.com/bianyuanop/oraclevm/throughput/helper.go:78.51,82.2 2 0
github.com/bianyuanop/oraclevm/throughput/helper.go:84.44,86.2 1 0
github.com/bianyuanop/oraclevm/vm/client.go:31.50,36.2 4 0
github.com/bianyuanop/oraclevm/vm/client.go:38.89,39.18 1 0
github.com/bianyuanop/oraclevm/vm/client.go:39.18,41.3 1 0
github.com/bianyuanop/oraclevm/vm/client.go:43.2,50.16 3 0
github.com/bianyuanop/oraclevm/vm/client.go:50.16,52.3 1 0
github.com/bianyuanop/oraclevm/vm/client.go:53.2,54.26 2 0
github.com/bianyuanop/oraclevm/vm/client.go:57.92,68.2 3 0
github.com/bianyuanop/oraclevm/vm/client.go:74.9,75.89 1 0
github.com/bianyuanop/oraclevm/vm/client.go:75.89,77.17 2 0
github.com/bianyuanop/oraclevm/vm/client.go:77.17,79.4 1 0
github.com/bianyuanop/oraclevm/vm/client.go:80.3,81.18 2 0
github.com/bianyuanop/oraclevm/vm/client.go:81.18,87.4 1 0
github.com/bianyuanop/oraclevm/vm/client.go:88.3,88.25 1 0
github.com/bianyuanop/oraclevm/vm/client.go:92.103,103.2 3 0
github.com/bianyuanop/oraclevm/vm/client.go:105.114,117.2 3 0
github.com/bianyuanop/oraclevm/vm/client.go:119.141,132.2 3 0
github.com/bianyuanop/oraclevm/vm/client.go:134.77,136.16 2 0
github.com/bianyuanop/oraclevm/vm/client.go:136.16,138.3 1 0
github.com/bianyuanop/oraclevm/vm/client.go:139.2,139.26 1 0
github.com/bianyuanop/oraclevm/vm/client.go:148.45,150.2 1 0
github.com/bianyuanop/oraclevm/vm/client.go:152.62,154.2 1 0
github.com/bianyuanop/oraclevm/vm/client.go:156.61,158.2 1 0
github.com/bianyuanop/oraclevm/vm/client.go:160.58,162.2 1 0
github.com/bianyuanop/oraclevm/vm/client.go:164.62,166.2 1 0
github.com/bianyuanop/oraclevm/vm/client.go:169.62,171.63 2 0
github.com/bianyuanop/oraclevm/vm/client.go:171.63,173.3 1 0
github.com/bianyuanop/oraclevm/vm/client.go:174.2,174.33 1 0
github.com/bianyuanop/oraclevm/vm/option.go:17.32,21.2 1 0
github.com/bianyuanop/oraclevm/vm/option.go:23.23,24.99 1 0
github.com/bianyuanop/oraclevm/vm/option.go:24.99,25.22 1 0
github.com/bianyuanop/oraclevm/vm/option.go:25.22,27.4 1 0
github.com/bianyuanop/oraclevm/vm/option.go:28.3,28.52 1 0
github.com/bianyuanop/oraclevm/vm/server.go:24.65,30.2 2 0
github.com/bianyuanop/oraclevm/vm/server.go:36.49,38.2 1 0
github.com/bianyuanop/oraclevm/vm/server.go:44.96,47.2 2 0
github.com/bianyuanop/oraclevm/vm/server.go:57.98,62.16 4 0
github.com/bianyuanop/oraclevm/vm/server.go:62.16,64.3 1 0
github.com/bianyuanop/oraclevm/vm/server.go:65.2,66.12 2 0
github.com/bianyuanop/oraclevm/vm/server.go:77.101,82.16 4 0
github.com/bianyuanop/oraclevm/vm/server.go:82.16,84.3 1 0
github.com/bianyuanop/oraclevm/vm/server.go:85.2,86.16 2 0
github.com/bianyuanop/oraclevm/vm/server.go:86.16,88.3 1 0
github.com/bianyuanop/oraclevm/vm/server.go:90.2,91.12 2 0
github.com/bianyuanop/oraclevm/vm/server.go:105.107,110.16 4 0
github.com/bianyuanop/oraclevm/vm/server.go:110.16,112.3 1 0
github.com/bianyuanop/oraclevm/vm/server.go:113.2,114.16 2 0
github.com/bianyuanop/oraclevm/vm/server.go:114.16,116.3 1 0
github.com/bianyuanop/oraclevm/vm/server.go:118.2,119.16 2 0
github.com/bianyuanop/oraclevm/vm/server.go:119.16,121.3 1 0
github.com/bianyuanop/oraclevm/vm/server.go:123.2,124.16 2 0
github.com/bianyuanop/oraclevm/vm/server.go:124.16,126.3 1 0
github.com/bianyuanop/oraclevm/vm/server.go:128.2,131.12 4 0
github.com/bianyuanop/oraclevm/vm/server.go:144.104,149.16 4 0
github.com/bianyuanop/oraclevm/vm/server.go:149.16,151.3 1 0
github.com/bianyuanop/oraclevm/vm/server.go:152.2,153.12 2 0
github.com/bianyuanop/oraclevm/vm/vm.go:30.13,53.20 8 0
github.com/bianyuanop/oraclevm/vm/vm.go:53.20,54.18 1 0
github.com/bianyuanop/oraclevm/vm/vm.go:59.48,72.2 2 0
github.com/bianyuanop/oraclevm/common/types.go:15.53,18.2 2 0
github.com/bianyuanop/oraclevm/common/types.go:20.64,23.20 3 0
github.com/bianyuanop/oraclevm/common/types.go:23.20,25.3 1 0
github.com/bianyuanop/oraclevm/common/types.go:26.2,26.18 1 0
github.com/bianyuanop/oraclevm/common/types.go:39.35,41.2 1 0
github.com/bianyuanop/oraclevm/common/types.go:44.94,45.61 1 0
github.com/bianyuanop/oraclevm/common/types.go:45.61,47.3 1 0
github.com/bianyuanop/oraclevm/common/types.go:47.5,49.3 1 0
github.com/bianyuanop/oraclevm/common/types.go:51.2,54.22 3 0
github.com/bianyuanop/oraclevm/common/types.go:54.22,56.3 1 0
github.com/bianyuanop/oraclevm/common/types.go:57.2,58.12 2 0
github.com/bianyuanop/oraclevm/common/types.go:61.47,69.35 8 0
github.com/bianyuanop/oraclevm/common/types.go:69.35,70.43 1 0
github.com/bianyuanop/oraclevm/common/types.go:70.43,72.4 1 0
github.com/bianyuanop/oraclevm/common/types.go:75.2,75.27 1 0
github.com/bianyuanop/oraclevm/common/types.go:78.57,86.39 8 0
github.com/bianyuanop/oraclevm/common/types.go:86.39,88.17 2 0
github.com/bianyuanop/oraclevm/common/types.go:88.17,90.4 1 0
github.com/bianyuanop/oraclevm/common/types.go:91.3,91.36 1 0
github.com/bianyuanop/oraclevm/common/types.go:94.2,94.20 1 0
github.com/bianyuanop/oraclevm/common/types.go:94.20,96.3 1 0
github.com/bianyuanop/oraclevm/common/types.go:98.2,104.8 1 0
github.com/bianyuanop/oraclevm/common/types.go:114.52,118.20 4 0
github.com/bianyuanop/oraclevm/common/types.go:118.20,120.3 1 0
github.com/bianyuanop/oraclevm/common/types.go:121.2,121.12 1 0
github.com/bianyuanop/oraclevm/common/types.go:124.62,129.32 5 0
github.com/bianyuanop/oraclevm/common/types.go:129.32,131.3 1 0
github.com/bianyuanop/oraclevm/common/types.go:132.2,132.17 1 0
github.com/bianyuanop/oraclevm/common/types.go:135.65,138.27 3 0
github.com/bianyuanop/oraclevm/common/types.go:138.27,139.38 1 0
github.com/bianyuanop/oraclevm/common/types.go:139.38,141.4 1 0
github.com/bianyuanop/oraclevm/common/types.go:143.2,143.32 1 0
github.com/bianyuanop/oraclevm/common/types.go:143.32,145.3 1 0
github.com/bianyuanop/oraclevm/common/types.go:146.2,146.23 1 0
github.com/bianyuanop/oraclevm/common/types.go:149.64,152.32 3 0
github.com/bianyuanop/oraclevm/common/types.go:152.32,154.3 1 0
github.com/bianyuanop/oraclevm/common/types.go:156.2,157.38 2 0
github.com/bianyuanop/oraclevm/common/types.go:157.38,159.17 2 0
github.com/bianyuanop/oraclevm/common/types.go:159.17,161.4 1 0
github.com/bianyuanop/oraclevm/common/types.go:162.3,162.26 1 0
github.com/bianyuanop/oraclevm/common/types.go:164.2,164.17 1 0
github.com/bianyuanop/oraclevm/common/utils.go:8.61,11.29 3 0
github.com/bianyuanop/oraclevm/common/utils.go:11.29,13.3 1 0
github.com/bianyuanop/oraclevm/common/utils.go:15.2,15.27 1 0
github.com/bianyuanop/oraclevm/common/utils.go:18.59,22.37 4 0
github.com/bianyuanop/oraclevm/common/utils.go:22.37,26.3 3 0
github.com/bianyuanop/oraclevm/common/utils.go:28.2,28.21 1 0
github.com/bianyuanop/oraclevm/consts/consts.go:22.13,26.16 4 1
github.com/bianyuanop/oraclevm/consts/consts.go:26.16,27.13 1 0
github.com/bianyuanop/oraclevm/consts/consts.go:29.2,29.11 1 1
github.com/bianyuanop/oraclevm/storage/state_manager.go:18.72,22.2 1 4
github.com/bianyuanop/oraclevm/storage/state_manager.go:29.9,31.16 2 2
github.com/bianyuanop/oraclevm/storage/state_manager.go:31.16,33.3 1 0
github.com/bianyuanop/oraclevm/storage/state_manager.go:34.2,34.18 1 2
github.com/bianyuanop/oraclevm/storage/state_manager.go:34.18,36.3 1 1
github.com/bianyuanop/oraclevm/storage/state_manager.go:37.2,37.12 1 1
github.com/bianyuanop/oraclevm/storage/state_manager.go:45.9,48.2 2 2
github.com/bianyuanop/oraclevm/storage/state_manager.go:55.9,58.2 2 9
github.com/bianyuanop/oraclevm/storage/state_manager.go:60.112,62.2 1 8
github.com/bianyuanop/oraclevm/storage/storage.go:30.25,31.42 1 0
github.com/bianyuanop/oraclevm/storage/storage.go:31.42,33.3 1 0
github.com/bianyuanop/oraclevm/storage/storage.go:34.2,34.16 1 0
github.com/bianyuanop/oraclevm/storage/storage.go:34.16,36.3 1 0
github.com/bianyuanop/oraclevm/storage/storage.go:37.2,37.21 1 0
github.com/bianyuanop/oraclevm/storage/storage.go:55.48,61.2 5 25
github.com/bianyuanop/oraclevm/storage/storage.go:68.19,71.2 2 10
github.com/bianyuanop/oraclevm/storage/storage.go:77.33,81.2 3 21
github.com/bianyuanop/oraclevm/storage/storage.go:88.19,93.2 4 0
github.com/bianyuanop/oraclevm/storage/storage.go:98.25,99.42 1 21
github.com/bianyuanop/oraclevm/storage/storage.go:99.42,101.3 1 9
github.com/bianyuanop/oraclevm/storage/storage.go:102.2,102.16 1 12
github.com/bianyuanop/oraclevm/storage/storage.go:102.16,104.3 1 0
github.com/bianyuanop/oraclevm/storage/storage.go:105.2,106.16 2 12
github.com/bianyuanop/oraclevm/storage/storage.go:106.16,108.3 1 0
github.com/bianyuanop/oraclevm/storage/storage.go:109.2,109.23 1 12
github.com/bianyuanop/oraclevm/storage/storage.go:117.9,120.2 2 0
github.com/bianyuanop/oraclevm/storage/storage.go:127.9,129.2 1 8
github.com/bianyuanop/oraclevm/storage/storage.go:136.19,138.16 2 9
github.com/bianyuanop/oraclevm/storage/storage.go:138.16,140.3 1 0
github.com/bianyuanop/oraclevm/storage/storage.go:141.2,142.16 2 9
github.com/bianyuanop/oraclevm/storage/storage.go:142.16,150.3 1 1
github.com/bianyuanop/oraclevm/storage/storage.go:151.2,151.45 1 8
github.com/bianyuanop/oraclevm/storage/storage.go:159.19,161.9 2 2
github.com/bianyuanop/oraclevm/storage/storage.go:161.9,163.3 1 0
github.com/bianyuanop/oraclevm/storage/storage.go:164.2,164.16 1 2
github.com/bianyuanop/oraclevm/storage/storage.go:164.16,166.3 1 0
github.com/bianyuanop/oraclevm/storage/storage.go:167.2,168.16 2 2
github.com/bianyuanop/oraclevm/storage/storage.go:168.16,176.3 1 1
github.com/bianyuanop/oraclevm/storage/storage.go:177.2,177.15 1 1
github.com/bianyuanop/oraclevm/storage/storage.go:177.15,181.3 1 1
github.com/bianyuanop/oraclevm/storage/storage.go:182.2,182.45 1 0
github.com/bianyuanop/oraclevm/storage/storage.go:190.29,195.2 4 0
github.com/bianyuanop/oraclevm/storage/storage.go:201.19,204.2 2 0
github.com/bianyuanop/oraclevm/storage/storage.go:209.33,213.2 3 0
github.com/bianyuanop/oraclevm/storage/storage.go:220.19,225.2 4 0
github.com/bianyuanop/oraclevm/storage/storage.go:230.25,231.42 1 0
github.com/bianyuanop/oraclevm/storage/storage.go:231.42,233.3 1 0
github.com/bianyuanop/oraclevm/storage/storage.go:234.2,234.16 1 0
github.com/bianyuanop/oraclevm/storage/storage.go:234.16,236.3 1 0
github.com/bianyuanop/oraclevm/storage/storage.go:237.2,238.16 2 0
github.com/bianyuanop/oraclevm/storage/storage.go:238.16,240.3 1 0
github.com/bianyuanop/oraclevm/storage/storage.go:241.2,241.23 1 0
github.com/bianyuanop/oraclevm/storage/storage.go:247.9,250.16 3 0
github.com/bianyuanop/oraclevm/storage/storage.go:250.16,252.3 1 0
github.com/bianyuanop/oraclevm/storage/storage.go:253.2,253.13 1 0
github.com/bianyuanop/oraclevm/storage/storage.go:253.13,255.3 1 0
github.com/bianyuanop/oraclevm/storage/storage.go:256.2,256.45 1 0
github.com/bianyuanop/oraclevm/storage/storage.go:264.9,267.2 2 0
github.com/bianyuanop/oraclevm/storage/storage.go:274.9,276.2 1 0
github.com/bianyuanop/oraclevm/storage/storage.go:283.40,289.2 5 0
github.com/bianyuanop/oraclevm/storage/storage.go:296.19,299.2 2 0
github.com/bianyuanop/oraclevm/storage/storage.go:306.19,310.2 3 0
github.com/bianyuanop/oraclevm/storage/storage.go:315.19,316.42 1 0
github.com/bianyuanop/oraclevm/storage/storage.go:316.42,318.3 1 0
github.com/bianyuanop/oraclevm/storage/storage.go:319.2,319.16 1 0
github.com/bianyuanop/oraclevm/storage/storage.go:319.16,321.3 1 0
github.com/bianyuanop/oraclevm/storage/storage.go:322.2,322.15 1 0
github.com/bianyuanop/oraclevm/storage/storage.go:331.9,334.2 2 0
github.com/bianyuanop/oraclevm/storage/storage.go:341.9,343.2 1 0
github.com/bianyuanop/oraclevm/storage/storage.go:350.45,356.2 5 0
github.com/bianyuanop/oraclevm/storage/storage.go:362.30,365.16 3 0
github.com/bianyuanop/oraclevm/storage/storage.go:365.16,367.3 1 0
github.com/bianyuanop/oraclevm/storage/storage.go:367.8,367.20 1 0
github.com/bianyuanop/oraclevm/storage/storage.go:367.20,369.3 1 0
github.com/bianyuanop/oraclevm/storage/storage.go:371.2,371.41 1 0
github.com/bianyuanop/oraclevm/storage/storage.go:379.9,382.16 3 0
github.com/bianyuanop/oraclevm/storage/storage.go:382.16,384.3 1 0
github.com/bianyuanop/oraclevm/storage/storage.go:385.2,385.29 1 0
github.com/bianyuanop/oraclevm/storage/storage.go:392.30,396.16 4 0
github.com/bianyuanop/oraclevm/storage/storage.go:396.16,398.3 1 0
github.com/bianyuanop/oraclevm/storage/storage.go:398.8,398.20 1 0
github.com/bianyuanop/oraclevm/storage/storage.go:398.20,400.3 1 0
github.com/bianyuanop/oraclevm/storage/storage.go:401.2,401.41 1 0
github.com/bianyuanop/oraclevm/storage/storage.go:409.61,416.2 6 0
github.com/bianyuanop/oraclevm/storage/storage.go:423.28,426.47 3 0
github.com/bianyuanop/oraclevm/storage/storage.go:426.47,428.3 1 0
github.com/bianyuanop/oraclevm/storage/storage.go:428.8,428.20 1 0
github.com/bianyuanop/oraclevm/storage/storage.go:428.20,430.3 1 0
github.com/bianyuanop/oraclevm/storage/storage.go:431.2,431.38 1 0
github.com/bianyuanop/oraclevm/storage/storage.go:440.9,443.54 2 0
github.com/bianyuanop/oraclevm/storage/storage.go:443.54,445.3 1 0
github.com/bianyuanop/oraclevm/storage/storage.go:446.2,446.66 1 0
github.com/bianyuanop/oraclevm/storage/storage.go:446.66,448.3 1 0
github.com/bianyuanop/oraclevm/storage/storage.go:449.2,450.16 2 0
github.com/bianyuanop/oraclevm/storage/storage.go:450.16,452.3 1 0
github.com/bianyuanop/oraclevm/storage/storage.go:453.2,453.33 1 0
github.com/bianyuanop/oraclevm/storage/storage.go:462.9,464.16 2 0
github.com/bianyuanop/oraclevm/storage/storage.go:464.16,466.3 1 0
github.com/bianyuanop/oraclevm/storage/storage.go:467.2,468.58 2 0
github.com/bianyuanop/oraclevm/storage/storage.go:476.28,480.47 4 0
github.com/bianyuanop/oraclevm/storage/storage.go:480.47,482.3 1 0
github.com/bianyuanop/oraclevm/storage/storage.go:482.8,482.20 1 0
github.com/bianyuanop/oraclevm/storage/storage.go:482.20,484.3 1 0
github.com/bianyuanop/oraclevm/storage/storage.go:486.2,486.38 1 0
github.com/bianyuanop/oraclevm/storage/storage.go:494.76,502.2 7 0
github.com/bianyuanop/oraclevm/storage/storage.go:510.19,513.13 3 0
github.com/bianyuanop/oraclevm/storage/storage.go:513.13,515.3 1 0
github.com/bianyuanop/oraclevm/storage/storage.go:516.2,516.19 1 0
github.com/bianyuanop/oraclevm/storage/storage.go:526.9,529.2 2 0
github.com/bianyuanop/oraclevm/storage/storage.go:537.19,542.2 4 0
github.com/bianyuanop/oraclevm/storage/storage.go:549.60,556.2 6 0
github.com/bianyuanop/oraclevm/storage/storage.go:563.19,566.13 3 0
github.com/bianyuanop/oraclevm/storage/storage.go:566.13,568.3 1 0
github.com/bianyuanop/oraclevm/storage/storage.go:569.2,569.19 1 0
github.com/bianyuanop/oraclevm/storage/storage.go:578.9,581.2 2 0
github.com/bianyuanop/oraclevm/storage/storage.go:588.19,593.2 4 0
github.com/bianyuanop/oraclevm/storage/storage.go:600.70,607.2 6 0
github.com/bianyuanop/oraclevm/storage/storage.go:614.19,618.2 3 0
github.com/bianyuanop/oraclevm/storage/storage.go:626.9,629.2 2 0
github.com/bianyuanop/oraclevm/storage/storage.go:636.19,639.16 3 0
github.com/bianyuanop/oraclevm/storage/storage.go:639.16,641.3 1 0
github.com/bianyuanop/oraclevm/storage/storage.go:642.2,642.43 1 0
github.com/bianyuanop/oraclevm/storage/storage.go:650.19,655.2 4 0
github.com/bianyuanop/oraclevm/storage/storage.go:662.51,668.2 5 0
github.com/bianyuanop/oraclevm/storage/storage.go:674.19,678.2 3 0
github.com/bianyuanop/oraclevm/storage/storage.go:685.9,688.2 2 0
github.com/bianyuanop/oraclevm/storage/storage.go:695.19,698.16 3 0
github.com/bianyuanop/oraclevm/storage/storage.go:698.16,700.3 1 0
github.com/bianyuanop/oraclevm/storage/storage.go:701.2,702.16 2 0
github.com/bianyuanop/oraclevm/storage/storage.go:702.16,710.3 1 0
github.com/bianyuanop/oraclevm/storage/storage.go:711.2,711.43 1 0
github.com/bianyuanop/oraclevm/storage/storage.go:719.19,722.16 3 0
github.com/bianyuanop/oraclevm/storage/storage.go:722.16,724.3 1 0
github.com/bianyuanop/oraclevm/storage/storage.go:725.2,726.16 2 0
github.com/bianyuanop/oraclevm/storage/storage.go:726.16,734.3 1 0
github.com/bianyuanop/oraclevm/storage/storage.go:735.2,735.15 1 0
github.com/bianyuanop/oraclevm/storage/storage.go:735.15,739.3 1 0
github.com/bianyuanop/oraclevm/storage/storage.go:740.2,740.43 1 0
github.com/bianyuanop/oraclevm/storage/storage.go:747.19,752.2 4 0
github.com/bianyuanop/oraclevm/storage/storage.go:759.82,767.2 7 0
github.com/bianyuanop/oraclevm/storage/storage.go:775.32,778.16 3 0
github.com/bianyuanop/oraclevm/storage/storage.go:778.16,780.3 1 0
github.com/bianyuanop/oraclevm/storage/storage.go:781.2,781.13 1 0
github.com/bianyuanop/oraclevm/storage/storage.go:781.13,783.3 1 0
github.com/bianyuanop/oraclevm/storage/storage.go:784.2,784.46 1 0
github.com/bianyuanop/oraclevm/storage/storage.go:793.32,797.16 4 0
github.com/bianyuanop/oraclevm/storage/storage.go:797.16,799.3 1 0
github.com/bianyuanop/oraclevm/storage/storage.go:800.2,800.13 1 0
github.com/bianyuanop/oraclevm/storage/storage.go:800.13,802.3 1 0
github.com/bianyuanop/oraclevm/storage/storage.go:803.2,803.46 1 0
github.com/bianyuanop/oraclevm/storage/storage.go:813.9,816.16 3 0
github.com/bianyuanop/oraclevm/storage/storage.go:816.16,818.3 1 0
github.com/bianyuanop/oraclevm/storage/storage.go:819.2,819.37 1 0
github.com/bianyuanop/oraclevm/storage/storage.go:829.9,832.16 3 0
github.com/bianyuanop/oraclevm/storage/storage.go:832.16,834.3 1 0
github.com/bianyuanop/oraclevm/storage/storage.go:835.2,836.13 2 0
github.com/bianyuanop/oraclevm/storage/storage.go:836.13,838.3 1 0
github.com/bianyuanop/oraclevm/storage/storage.go:838.8,840.17 2 0
github.com/bianyuanop/oraclevm/storage/storage.go:840.17,842.4 1 0
github.com/bianyuanop/oraclevm/storage/storage.go:845.2,845.72 1 0
github.com/bianyuanop/oraclevm/storage/storage.go:845.72,847.3 1 0
github.com/bianyuanop/oraclevm/storage/storage.go:848.2,848.22 1 0
github.com/bianyuanop/oraclevm/storage/storage.go:848.22,850.3 1 0
github.com/bianyuanop/oraclevm/storage/storage.go:852.2,854.16 3 0
github.com/bianyuanop/oraclevm/storage/storage.go:854.16,856.3 1 0
github.com/bianyuanop/oraclevm/storage/storage.go:857.2,857.37 1 0
github.com/bianyuanop/oraclevm/storage/storage.go:867.30,870.16 3 0
github.com/bianyuanop/oraclevm/storage/storage.go:870.16,872.3 1 0
github.com/bianyuanop/oraclevm/storage/storage.go:873.2,873.13 1 0
github.com/bianyuanop/oraclevm/storage/storage.go:873.13,875.3 1 0
github.com/bianyuanop/oraclevm/storage/storage.go:876.2,877.16 2 0
github.com/bianyuanop/oraclevm/storage/storage.go:877.16,879.3 1 0
github.com/bianyuanop/oraclevm/storage/storage.go:880.2,880.72 1 0
github.com/bianyuanop/oraclevm/storage/storage.go:880.72,882.3 1 0
github.com/bianyuanop/oraclevm/storage/storage.go:883.2,883.22 1 0
github.com/bianyuanop/oraclevm/storage/storage.go:883.22,885.3 1 0
github.com/bianyuanop/oraclevm/storage/storage.go:887.2,890.16 4 0
github.com/bianyuanop/oraclevm/storage/storage.go:890.16,892.3 1 0
github.com/bianyuanop/oraclevm/storage/storage.go:893.2,893.50 1 0
github.com/bianyuanop/oraclevm/actions/appeal_feed.go:34.38,36.2 1 0
github.com/bianyuanop/oraclevm/actions/appeal_feed.go:38.75,45.2 1 0
github.com/bianyuanop/oraclevm/actions/appeal_feed.go:54.24,56.16 2 2
github.com/bianyuanop/oraclevm/actions/appeal_feed.go:56.16,58.3 1 0
github.com/bianyuanop/oraclevm/actions/appeal_feed.go:60.2,60.31 1 2
github.com/bianyuanop/oraclevm/actions/appeal_feed.go:60.31,62.3 1 0
github.com/bianyuanop/oraclevm/actions/appeal_feed.go:64.2,65.16 2 2
github.com/bianyuanop/oraclevm/actions/appeal_feed.go:65.16,67.3 1 0
github.com/bianyuanop/oraclevm/actions/appeal_feed.go:68.2,69.16 2 2
github.com/bianyuanop/oraclevm/actions/appeal_feed.go:69.16,71.3 1 0
github.com/bianyuanop/oraclevm/actions/appeal_feed.go:74.2,75.16 2 2
github.com/bianyuanop/oraclevm/actions/appeal_feed.go:75.16,77.3 1 0
github.com/bianyuanop/oraclevm/actions/appeal_feed.go:79.2,79.93 1 2
github.com/bianyuanop/oraclevm/actions/appeal_feed.go:79.93,81.3 1 0
github.com/bianyuanop/oraclevm/actions/appeal_feed.go:84.2,85.16 2 2
github.com/bianyuanop/oraclevm/actions/appeal_feed.go:85.16,87.3 1 0
github.com/bianyuanop/oraclevm/actions/appeal_feed.go:88.2,90.17 1 2
github.com/bianyuanop/oraclevm/actions/appeal_feed.go:90.17,92.3 1 0
github.com/bianyuanop/oraclevm/actions/appeal_feed.go:94.2,94.82 1 2
github.com/bianyuanop/oraclevm/actions/appeal_feed.go:94.82,96.3 1 0
github.com/bianyuanop/oraclevm/actions/appeal_feed.go:98.2,101.8 1 2
github.com/bianyuanop/oraclevm/actions/appeal_feed.go:104.53,106.2 1 0
github.com/bianyuanop/oraclevm/actions/appeal_feed.go:108.59,111.2 1 0
github.com/bianyuanop/oraclevm/actions/appeal_feed.go:120.44,122.2 1 0
github.com/bianyuanop/oraclevm/actions/appeal_feed.go:125.46,127.2 1 0
github.com/bianyuanop/oraclevm/actions/bribe_feed.go:46.37,48.2 1 0
github.com/bianyuanop/oraclevm/actions/bribe_feed.go:50.74,56.2 1 0
github.com/bianyuanop/oraclevm/actions/bribe_feed.go:65.24,67.19 1 2
github.com/bianyuanop/oraclevm/actions/bribe_feed.go:68.19,70.17 2 1
github.com/bianyuanop/oraclevm/actions/bribe_feed.go:70.17,72.4 1 0
github.com/bianyuanop/oraclevm/actions/bribe_feed.go:74.3,74.39 1 1
github.com/bianyuanop/oraclevm/actions/bribe_feed.go:74.39,76.4 1 0
github.com/bianyuanop/oraclevm/actions/bribe_feed.go:78.3,78.79 1 1
github.com/bianyuanop/oraclevm/actions/bribe_feed.go:78.79,80.4 1 0
github.com/bianyuanop/oraclevm/actions/bribe_feed.go:82.3,82.99 1 1
github.com/bianyuanop/oraclevm/actions/bribe_feed.go:82.99,84.4 1 0
github.com/bianyuanop/oraclevm/actions/bribe_feed.go:85.3,90.9 1 1
github.com/bianyuanop/oraclevm/actions/bribe_feed.go:91.19,93.17 2 1
github.com/bianyuanop/oraclevm/actions/bribe_feed.go:93.17,95.4 1 0
github.com/bianyuanop/oraclevm/actions/bribe_feed.go:96.3,96.77 1 1
github.com/bianyuanop/oraclevm/actions/bribe_feed.go:96.77,98.4 1 0
github.com/bianyuanop/oraclevm/actions/bribe_feed.go:99.3,104.9 1 1
github.com/bianyuanop/oraclevm/actions/bribe_feed.go:105.10,106.38 1 0
github.com/bianyuanop/oraclevm/actions/bribe_feed.go:110.52,112.2 1 0
github.com/bianyuanop/oraclevm/actions/bribe_feed.go:114.58,117.2 1 0
github.com/bianyuanop/oraclevm/actions/bribe_feed.go:128.43,130.2 1 0
github.com/bianyuanop/oraclevm/actions/deposit_feed.go:35.39,37.2 1 0
github.com/bianyuanop/oraclevm/actions/deposit_feed.go:39.76,45.2 1 0
github.com/bianyuanop/oraclevm/actions/deposit_feed.go:54.24,56.16 2 3
github.com/bianyuanop/oraclevm/actions/deposit_feed.go:56.16,58.3 1 0
github.com/bianyuanop/oraclevm/actions/deposit_feed.go:60.2,60.24 1 3
github.com/bianyuanop/oraclevm/actions/deposit_feed.go:60.24,62.3 1 1
github.com/bianyuanop/oraclevm/actions/deposit_feed.go:64.2,64.73 1 2
github.com/bianyuanop/oraclevm/actions/deposit_feed.go:64.73,65.83 1 1
github.com/bianyuanop/oraclevm/actions/deposit_feed.go:65.83,67.4 1 1
github.com/bianyuanop/oraclevm/actions/deposit_feed.go:68.3,68.18 1 0
github.com/bianyuanop/oraclevm/actions/deposit_feed.go:71.2,71.85 1 1
github.com/bianyuanop/oraclevm/actions/deposit_feed.go:71.85,73.3 1 0
github.com/bianyuanop/oraclevm/actions/deposit_feed.go:75.2,79.8 1 1
github.com/bianyuanop/oraclevm/actions/deposit_feed.go:82.54,84.2 1 0
github.com/bianyuanop/oraclevm/actions/deposit_feed.go:86.60,89.2 1 0
github.com/bianyuanop/oraclevm/actions/deposit_feed.go:99.45,101.2 1 0
github.com/bianyuanop/oraclevm/actions/fund_feed.go:24.36,26.2 1 0
github.com/bianyuanop/oraclevm/actions/fund_feed.go:28.73,33.2 1 0
github.com/bianyuanop/oraclevm/actions/fund_feed.go:42.24,44.16 2 2
github.com/bianyuanop/oraclevm/actions/fund_feed.go:44.16,46.3 1 0
github.com/bianyuanop/oraclevm/actions/fund_feed.go:47.2,47.53 1 2
github.com/bianyuanop/oraclevm/actions/fund_feed.go:47.53,49.3 1 1
github.com/bianyuanop/oraclevm/actions/fund_feed.go:52.2,52.73 1 1
github.com/bianyuanop/oraclevm/actions/fund_feed.go:52.73,54.3 1 0
github.com/bianyuanop/oraclevm/actions/fund_feed.go:55.2,56.16 2 1
github.com/bianyuanop/oraclevm/actions/fund_feed.go:56.16,58.3 1 0
github.com/bianyuanop/oraclevm/actions/fund_feed.go:59.2,59.93 1 1
github.com/bianyuanop/oraclevm/actions/fund_feed.go:59.93,61.3 1 0
github.com/bianyuanop/oraclevm/actions/fund_feed.go:63.2,66.8 1 1
github.com/bianyuanop/oraclevm/actions/fund_feed.go:69.51,71.2 1 0
github.com/bianyuanop/oraclevm/actions/fund_feed.go:73.57,76.2 1 0
github.com/bianyuanop/oraclevm/actions/fund_feed.go:85.42,87.2 1 0
github.com/bianyuanop/oraclevm/actions/register_feed.go:48.40,50.2 1 0
github.com/bianyuanop/oraclevm/actions/register_feed.go:52.77,58.2 1 0
github.com/bianyuanop/oraclevm/actions/register_feed.go:67.24,69.16 2 3
github.com/bianyuanop/oraclevm/actions/register_feed.go:69.16,71.3 1 0
github.com/bianyuanop/oraclevm/actions/register_feed.go:73.2,73.34 1 3
github.com/bianyuanop/oraclevm/actions/register_feed.go:73.34,75.3 1 1
github.com/bianyuanop/oraclevm/actions/register_feed.go:77.2,77.36 1 2
github.com/bianyuanop/oraclevm/actions/register_feed.go:77.36,79.3 1 0
github.com/bianyuanop/oraclevm/actions/register_feed.go:81.2,82.16 2 2
github.com/bianyuanop/oraclevm/actions/register_feed.go:82.16,84.3 1 0
github.com/bianyuanop/oraclevm/actions/register_feed.go:87.2,87.67 1 2
github.com/bianyuanop/oraclevm/actions/register_feed.go:87.67,89.3 1 0
github.com/bianyuanop/oraclevm/actions/register_feed.go:90.2,90.57 1 2
github.com/bianyuanop/oraclevm/actions/register_feed.go:90.57,92.3 1 0
github.com/bianyuanop/oraclevm/actions/register_feed.go:94.2,94.85 1 2
github.com/bianyuanop/oraclevm/actions/register_feed.go:94.85,96.3 1 0
github.com/bianyuanop/oraclevm/actions/register_feed.go:97.2,97.94 1 2
github.com/bianyuanop/oraclevm/actions/register_feed.go:97.94,99.3 1 0
github.com/bianyuanop/oraclevm/actions/register_feed.go:101.2,103.8 1 2
github.com/bianyuanop/oraclevm/actions/register_feed.go:106.55,108.2 1 0
github.com/bianyuanop/oraclevm/actions/register_feed.go:110.61,113.2 1 0
github.com/bianyuanop/oraclevm/actions/register_feed.go:121.46,123.2 1 0
github.com/bianyuanop/oraclevm/actions/register_feed.go:125.51,127.2 1 16
github.com/bianyuanop/oraclevm/actions/register_feed.go:130.55,132.49 2 10
github.com/bianyuanop/oraclevm/actions/register_feed.go:132.49,134.3 1 0
github.com/bianyuanop/oraclevm/actions/register_feed.go:135.2,135.17 1 10
github.com/bianyuanop/oraclevm/actions/report_feed.go:42.38,44.2 1 0
github.com/bianyuanop/oraclevm/actions/report_feed.go:47.75,56.2 1 0
github.com/bianyuanop/oraclevm/actions/report_feed.go:65.24,67.16 2 9
github.com/bianyuanop/oraclevm/actions/report_feed.go:67.16,69.3 1 0
github.com/bianyuanop/oraclevm/actions/report_feed.go:70.2,70.24 1 9
github.com/bianyuanop/oraclevm/actions/report_feed.go:70.24,72.3 1 1
github.com/bianyuanop/oraclevm/actions/report_feed.go:74.2,75.16 2 8
github.com/bianyuanop/oraclevm/actions/report_feed.go:75.16,77.3 1 0
github.com/bianyuanop/oraclevm/actions/report_feed.go:79.2,80.16 2 8
github.com/bianyuanop/oraclevm/actions/report_feed.go:80.16,82.3 1 0
github.com/bianyuanop/oraclevm/actions/report_feed.go:85.2,85.22 1 8
github.com/bianyuanop/oraclevm/actions/report_feed.go:85.22,92.77 2 4
github.com/bianyuanop/oraclevm/actions/report_feed.go:92.77,94.4 1 0
github.com/bianyuanop/oraclevm/actions/report_feed.go:97.2,97.39 1 8
github.com/bianyuanop/oraclevm/actions/report_feed.go:97.39,99.3 1 0
github.com/bianyuanop/oraclevm/actions/report_feed.go:101.2,102.16 2 8
github.com/bianyuanop/oraclevm/actions/report_feed.go:102.16,104.3 1 0
github.com/bianyuanop/oraclevm/actions/report_feed.go:106.2,106.35 1 8
github.com/bianyuanop/oraclevm/actions/report_feed.go:106.35,108.3 1 0
github.com/bianyuanop/oraclevm/actions/report_feed.go:111.2,111.35 1 8
github.com/bianyuanop/oraclevm/actions/report_feed.go:111.35,120.17 6 4
github.com/bianyuanop/oraclevm/actions/report_feed.go:120.17,122.4 1 0
github.com/bianyuanop/oraclevm/actions/report_feed.go:124.3,125.17 2 4
github.com/bianyuanop/oraclevm/actions/report_feed.go:125.17,127.4 1 0
github.com/bianyuanop/oraclevm/actions/report_feed.go:130.3,130.38 1 4
github.com/bianyuanop/oraclevm/actions/report_feed.go:130.38,132.18 2 420
github.com/bianyuanop/oraclevm/actions/report_feed.go:132.18,134.5 1 0
github.com/bianyuanop/oraclevm/actions/report_feed.go:135.4,136.18 2 420
github.com/bianyuanop/oraclevm/actions/report_feed.go:136.18,138.5 1 0
github.com/bianyuanop/oraclevm/actions/report_feed.go:139.4,139.51 1 420
github.com/bianyuanop/oraclevm/actions/report_feed.go:139.51,141.5 1 0
github.com/bianyuanop/oraclevm/actions/report_feed.go:142.4,142.39 1 420
github.com/bianyuanop/oraclevm/actions/report_feed.go:146.3,148.38 2 4
github.com/bianyuanop/oraclevm/actions/report_feed.go:148.38,151.18 3 420
github.com/bianyuanop/oraclevm/actions/report_feed.go:151.18,153.5 1 0
github.com/bianyuanop/oraclevm/actions/report_feed.go:154.4,154.18 1 420
github.com/bianyuanop/oraclevm/actions/report_feed.go:154.18,156.5 1 253
github.com/bianyuanop/oraclevm/actions/report_feed.go:156.10,158.5 1 167
github.com/bianyuanop/oraclevm/actions/report_feed.go:162.3,165.100 3 4
github.com/bianyuanop/oraclevm/actions/report_feed.go:165.100,167.4 1 0
github.com/bianyuanop/oraclevm/actions/report_feed.go:169.3,169.43 1 4
github.com/bianyuanop/oraclevm/actions/report_feed.go:169.43,171.18 2 167
github.com/bianyuanop/oraclevm/actions/report_feed.go:171.18,173.5 1 0
github.com/bianyuanop/oraclevm/actions/report_feed.go:174.4,174.26 1 167
github.com/bianyuanop/oraclevm/actions/report_feed.go:177.3,177.40 1 4
github.com/bianyuanop/oraclevm/actions/report_feed.go:177.40,179.75 2 257
github.com/bianyuanop/oraclevm/actions/report_feed.go:179.75,181.5 1 0
github.com/bianyuanop/oraclevm/actions/report_feed.go:182.4,182.25 1 257
github.com/bianyuanop/oraclevm/actions/report_feed.go:185.3,185.51 1 4
github.com/bianyuanop/oraclevm/actions/report_feed.go:185.51,187.18 2 4
github.com/bianyuanop/oraclevm/actions/report_feed.go:187.18,189.5 1 0
github.com/bianyuanop/oraclevm/actions/report_feed.go:192.3,198.80 2 4
github.com/bianyuanop/oraclevm/actions/report_feed.go:198.80,200.4 1 0
github.com/bianyuanop/oraclevm/actions/report_feed.go:203.3,204.17 2 4
github.com/bianyuanop/oraclevm/actions/report_feed.go:204.17,206.4 1 0
github.com/bianyuanop/oraclevm/actions/report_feed.go:207.3,207.97 1 4
github.com/bianyuanop/oraclevm/actions/report_feed.go:207.97,209.4 1 0
github.com/bianyuanop/oraclevm/actions/report_feed.go:211.3,216.9 1 4
github.com/bianyuanop/oraclevm/actions/report_feed.go:219.2,220.16 2 4
github.com/bianyuanop/oraclevm/actions/report_feed.go:220.16,222.3 1 0
github.com/bianyuanop/oraclevm/actions/report_feed.go:225.2,226.16 2 4
github.com/bianyuanop/oraclevm/actions/report_feed.go:226.16,228.3 1 0
github.com/bianyuanop/oraclevm/actions/report_feed.go:230.2,230.39 1 4
github.com/bianyuanop/oraclevm/actions/report_feed.go:230.39,232.17 2 122
github.com/bianyuanop/oraclevm/actions/report_feed.go:232.17,234.4 1 0
github.com/bianyuanop/oraclevm/actions/report_feed.go:236.3,237.17 2 122
github.com/bianyuanop/oraclevm/actions/report_feed.go:237.17,239.4 1 0
github.com/bianyuanop/oraclevm/actions/report_feed.go:241.3,241.50 1 122
github.com/bianyuanop/oraclevm/actions/report_feed.go:241.50,243.4 1 0
github.com/bianyuanop/oraclevm/actions/report_feed.go:247.2,248.16 2 4
github.com/bianyuanop/oraclevm/actions/report_feed.go:248.16,250.3 1 0
github.com/bianyuanop/oraclevm/actions/report_feed.go:251.2,251.53 1 4
github.com/bianyuanop/oraclevm/actions/report_feed.go:251.53,253.3 1 0
github.com/bianyuanop/oraclevm/actions/report_feed.go:257.2,262.16 4 4
github.com/bianyuanop/oraclevm/actions/report_feed.go:262.16,264.3 1 0
github.com/bianyuanop/oraclevm/actions/report_feed.go:267.2,267.93 1 4
github.com/bianyuanop/oraclevm/actions/report_feed.go:267.93,269.3 1 0
github.com/bianyuanop/oraclevm/actions/report_feed.go:272.2,273.16 2 4
github.com/bianyuanop/oraclevm/actions/report_feed.go:273.16,275.3 1 0
github.com/bianyuanop/oraclevm/actions/report_feed.go:278.2,280.31 3 4
github.com/bianyuanop/oraclevm/actions/report_feed.go:280.31,281.41 1 1
github.com/bianyuanop/oraclevm/actions/report_feed.go:281.41,283.18 2 1
github.com/bianyuanop/oraclevm/actions/report_feed.go:283.18,285.5 1 0
github.com/bianyuanop/oraclevm/actions/report_feed.go:286.4,287.12 2 1
github.com/bianyuanop/oraclevm/actions/report_feed.go:289.3,289.39 1 0
github.com/bianyuanop/oraclevm/actions/report_feed.go:291.2,291.100 1 4
github.com/bianyuanop/oraclevm/actions/report_feed.go:291.100,293.3 1 0
github.com/bianyuanop/oraclevm/actions/report_feed.go:296.2,297.98 2 4
github.com/bianyuanop/oraclevm/actions/report_feed.go:297.98,299.3 1 0
github.com/bianyuanop/oraclevm/actions/report_feed.go:300.2,301.16 2 4
github.com/bianyuanop/oraclevm/actions/report_feed.go:301.16,303.3 1 0
github.com/bianyuanop/oraclevm/actions/report_feed.go:305.2,310.8 1 4
github.com/bianyuanop/oraclevm/actions/report_feed.go:313.53,315.2 1 0
github.com/bianyuanop/oraclevm/actions/report_feed.go:317.59,320.2 1 0
github.com/bianyuanop/oraclevm/actions/report_feed.go:333.44,335.2 1 0
github.com/bianyuanop/oraclevm/actions/report_feed.go:338.46,340.2 1 0
github.com/bianyuanop/oraclevm/actions/transfer.go:42.36,44.2 1 0
github.com/bianyuanop/oraclevm/actions/transfer.go:46.72,51.2 1 0
github.com/bianyuanop/oraclevm/actions/transfer.go:60.24,61.18 1 8
github.com/bianyuanop/oraclevm/actions/transfer.go:61.18,63.3 1 1
github.com/bianyuanop/oraclevm/actions/transfer.go:64.2,64.31 1 7
github.com/bianyuanop/oraclevm/actions/transfer.go:64.31,66.3 1 0
github.com/bianyuanop/oraclevm/actions/transfer.go:67.2,68.16 2 7
github.com/bianyuanop/oraclevm/actions/transfer.go:68.16,70.3 1 3
github.com/bianyuanop/oraclevm/actions/transfer.go:71.2,72.16 2 4
github.com/bianyuanop/oraclevm/actions/transfer.go:72.16,74.3 1 0
github.com/bianyuanop/oraclevm/actions/transfer.go:76.2,79.8 1 4
github.com/bianyuanop/oraclevm/actions/transfer.go:82.51,84.2 1 0
github.com/bianyuanop/oraclevm/actions/transfer.go:86.57,89.2 1 0
github.com/bianyuanop/oraclevm/actions/transfer.go:98.42,100.2 1 0
github.com/bianyuanop/oraclevm/common/types.go:15.53,18.2 2 2
github.com/bianyuanop/oraclevm/common/types.go:20.64,23.20 3 2
github.com/bianyuanop/oraclevm/common/types.go:23.20,25.3 1 0
github.com/bianyuanop/oraclevm/common/types.go:26.2,26.18 1 2
github.com/bianyuanop/oraclevm/common/types.go:39.35,41.2 1 10
github.com/bianyuanop/oraclevm/common/types.go:44.94,45.61 1 2
github.com/bianyuanop/oraclevm/common/types.go:45.61,47.3 1 0
github.com/bianyuanop/oraclevm/common/types.go:47.5,49.3 1 0
github.com/bianyuanop/oraclevm/common/types.go:51.2,54.22 3 2
github.com/bianyuanop/oraclevm/common/types.go:54.22,56.3 1 1
github.com/bianyuanop/oraclevm/common/types.go:57.2,58.12 2 2
github.com/bianyuanop/oraclevm/common/types.go:61.47,69.35 8 18
github.com/bianyuanop/oraclevm/common/types.go:69.35,70.43 1 2
github.com/bianyuanop/oraclevm/common/types.go:70.43,72.4 1 0
github.com/bianyuanop/oraclevm/common/types.go:75.2,75.27 1 18
github.com/bianyuanop/oraclevm/common/types.go:78.57,86.39 8 10
github.com/bianyuanop/oraclevm/common/types.go:86.39,88.17 2 2
github.com/bianyuanop/oraclevm/common/types.go:88.17,90.4 1 0
github.com/bianyuanop/oraclevm/common/types.go:91.3,91.36 1 2
github.com/bianyuanop/oraclevm/common/types.go:94.2,94.20 1 10
github.com/bianyuanop/oraclevm/common/types.go:94.20,96.3 1 0
github.com/bianyuanop/oraclevm/common/types.go:98.2,104.8 1 10
github.com/bianyuanop/oraclevm/common/types.go:114.52,118.20 4 3
github.com/bianyuanop/oraclevm/common/types.go:118.20,120.3 1 0
github.com/bianyuanop/oraclevm/common/types.go:121.2,121.12 1 3
github.com/bianyuanop/oraclevm/common/types.go:124.62,129.32 5 3
github.com/bianyuanop/oraclevm/common/types.go:129.32,131.3 1 0
github.com/bianyuanop/oraclevm/common/types.go:132.2,132.17 1 3
github.com/bianyuanop/oraclevm/common/types.go:135.65,138.27 3 8
github.com/bianyuanop/oraclevm/common/types.go:138.27,139.38 1 3
github.com/bianyuanop/oraclevm/common/types.go:139.38,141.4 1 0
github.com/bianyuanop/oraclevm/common/types.go:143.2,143.32 1 8
github.com/bianyuanop/oraclevm/common/types.go:143.32,145.3 1 0
github.com/bianyuanop/oraclevm/common/types.go:146.2,146.23 1 8
github.com/bianyuanop/oraclevm/common/types.go:149.64,152.32 3 4
github.com/bianyuanop/oraclevm/common/types.go:152.32,154.3 1 0
github.com/bianyuanop/oraclevm/common/types.go:156.2,157.38 2 4
github.com/bianyuanop/oraclevm/common/types.go:157.38,159.17 2 3
github.com/bianyuanop/oraclevm/common/types.go:159.17,161.4 1 0
github.com/bianyuanop/oraclevm/common/types.go:162.3,162.26 1 3
github.com/bianyuanop/oraclevm/common/types.go:164.2,164.17 1 4
github.com/bianyuanop/oraclevm/common/utils.go:8.61,11.29 3 307
github.com/bianyuanop/oraclevm/common/utils.go:11.29,13.3 1 15518
github.com/bianyuanop/oraclevm/common/utils.go:15.2,15.27 1 307
github.com/bianyuanop/oraclevm/common/utils.go:18.59,22.37 4 308
github.com/bianyuanop/oraclevm/common/utils.go:22.37,26.3 3 15638
github.com/bianyuanop/oraclevm/common/utils.go:28.2,28.21 1 308
github.com/bianyuanop/oraclevm/consts/consts.go:22.13,26.16 4 1
github.com/bianyuanop/oraclevm/consts/consts.go:26.16,27.13 1 0
github.com/bianyuanop/oraclevm/consts/consts.go:29.2,29.11 1 1
github.com/bianyuanop/oraclevm/programs/binary_aggregator.go:18.36,22.2 1 546
github.com/bianyuanop/oraclevm/programs/binary_aggregator.go:24.51,25.19 1 546
github.com/bianyuanop/oraclevm/programs/binary_aggregator.go:25.19,27.3 1 0
github.com/bianyuanop/oraclevm/programs/binary_aggregator.go:29.2,31.12 3 546
github.com/bianyuanop/oraclevm/programs/binary_aggregator.go:34.49,38.2 3 8
github.com/bianyuanop/oraclevm/programs/binary_aggregator.go:40.75,42.9 2 966
github.com/bianyuanop/oraclevm/programs/binary_aggregator.go:42.9,44.3 1 0
github.com/bianyuanop/oraclevm/programs/binary_aggregator.go:45.2,45.26 1 966
github.com/bianyuanop/oraclevm/programs/binary_aggregator.go:45.26,47.3 1 0
github.com/bianyuanop/oraclevm/programs/binary_aggregator.go:49.2,49.21 1 966
github.com/bianyuanop/oraclevm/programs/binary_aggregator.go:60.46,66.2 1 8
github.com/bianyuanop/oraclevm/programs/binary_aggregator.go:68.71,70.16 2 546
github.com/bianyuanop/oraclevm/programs/binary_aggregator.go:70.16,72.3 1 0
github.com/bianyuanop/oraclevm/programs/binary_aggregator.go:74.2,75.12 2 546
github.com/bianyuanop/oraclevm/programs/binary_aggregator.go:78.50,79.27 1 8
github.com/bianyuanop/oraclevm/programs/binary_aggregator.go:79.27,81.3 1 0
github.com/bianyuanop/oraclevm/programs/binary_aggregator.go:83.2,84.37 2 8
github.com/bianyuanop/oraclevm/programs/binary_aggregator.go:84.37,86.3 1 546
github.com/bianyuanop/oraclevm/programs/binary_aggregator.go:88.2,91.12 4 8
github.com/bianyuanop/oraclevm/programs/binary_aggregator.go:91.12,92.43 1 6
github.com/bianyuanop/oraclevm/programs/binary_aggregator.go:92.43,96.4 2 0
github.com/bianyuanop/oraclevm/programs/binary_aggregator.go:99.2,101.34 3 8
github.com/bianyuanop/oraclevm/programs/binary_aggregator.go:101.34,102.27 1 15
github.com/bianyuanop/oraclevm/programs/binary_aggregator.go:102.27,105.4 2 1
github.com/bianyuanop/oraclevm/programs/binary_aggregator.go:108.2,110.3 1 8
github.com/bianyuanop/oraclevm/programs/binary_aggregator.go:113.55,115.2 1 8
github.com/bianyuanop/oraclevm/programs/binary_aggregator.go:117.77,119.16 2 420
github.com/bianyuanop/oraclevm/programs/binary_aggregator.go:119.16,121.3 1 0
github.com/bianyuanop/oraclevm/programs/binary_aggregator.go:123.2,123.72 1 420
github.com/bianyuanop/oraclevm/programs/binary_aggregator.go:126.49,128.2 1 0
github.com/bianyuanop/oraclevm/programs/program.go:12.73,13.19 1 546
github.com/bianyuanop/oraclevm/programs/program.go:14.33,16.43 2 546
github.com/bianyuanop/oraclevm/programs/program.go:16.43,18.4 1 0
github.com/bianyuanop/oraclevm/programs/program.go:19.3,19.19 1 546
github.com/bianyuanop/oraclevm/programs/program.go:20.10,21.59 1 0
github.com/bianyuanop/oraclevm/programs/program.go:35.58,36.19 1 8
github.com/bianyuanop/oraclevm/programs/program.go:37.33,38.36 1 8
github.com/bianyuanop/oraclevm/programs/program.go:39.10,40.59 1 0
