mode: atomic
github.com/bianyuanop/oraclevm/common/types.go:17.47,24.2 5 0
github.com/bianyuanop/oraclevm/common/types.go:26.57,32.20 5 0
github.com/bianyuanop/oraclevm/common/types.go:32.20,34.3 1 0
github.com/bianyuanop/oraclevm/common/types.go:36.2,40.8 1 0
github.com/bianyuanop/oraclevm/common/utils.go:8.61,11.29 3 0
github.com/bianyuanop/oraclevm/common/utils.go:11.29,13.3 1 0
github.com/bianyuanop/oraclevm/common/utils.go:15.2,15.27 1 0
github.com/bianyuanop/oraclevm/common/utils.go:18.59,22.37 4 0
github.com/bianyuanop/oraclevm/common/utils.go:22.37,26.3 3 0
github.com/bianyuanop/oraclevm/common/utils.go:28.2,28.21 1 0
github.com/bianyuanop/oraclevm/consts/consts.go:22.13,26.16 4 0
github.com/bianyuanop/oraclevm/consts/consts.go:26.16,27.13 1 0
github.com/bianyuanop/oraclevm/consts/consts.go:29.2,29.11 1 0
github.com/bianyuanop/oraclevm/vm/client.go:29.50,34.2 4 0
github.com/bianyuanop/oraclevm/vm/client.go:36.89,37.18 1 0
github.com/bianyuanop/oraclevm/vm/client.go:37.18,39.3 1 0
github.com/bianyuanop/oraclevm/vm/client.go:41.2,48.16 3 0
github.com/bianyuanop/oraclevm/vm/client.go:48.16,50.3 1 0
github.com/bianyuanop/oraclevm/vm/client.go:51.2,52.26 2 0
github.com/bianyuanop/oraclevm/vm/client.go:55.92,66.2 3 0
github.com/bianyuanop/oraclevm/vm/client.go:72.9,73.89 1 0
github.com/bianyuanop/oraclevm/vm/client.go:73.89,75.17 2 0
github.com/bianyuanop/oraclevm/vm/client.go:75.17,77.4 1 0
github.com/bianyuanop/oraclevm/vm/client.go:78.3,79.18 2 0
github.com/bianyuanop/oraclevm/vm/client.go:79.18,85.4 1 0
github.com/bianyuanop/oraclevm/vm/client.go:86.3,86.25 1 0
github.com/bianyuanop/oraclevm/vm/client.go:90.77,92.16 2 0
github.com/bianyuanop/oraclevm/vm/client.go:92.16,94.3 1 0
github.com/bianyuanop/oraclevm/vm/client.go:95.2,95.26 1 0
github.com/bianyuanop/oraclevm/vm/client.go:104.45,106.2 1 0
github.com/bianyuanop/oraclevm/vm/client.go:108.62,110.2 1 0
github.com/bianyuanop/oraclevm/vm/client.go:112.61,114.2 1 0
github.com/bianyuanop/oraclevm/vm/client.go:116.58,118.2 1 0
github.com/bianyuanop/oraclevm/vm/client.go:120.62,122.2 1 0
github.com/bianyuanop/oraclevm/vm/client.go:125.62,127.63 2 0
github.com/bianyuanop/oraclevm/vm/client.go:127.63,129.3 1 0
github.com/bianyuanop/oraclevm/vm/client.go:130.2,130.33 1 0
github.com/bianyuanop/oraclevm/vm/option.go:17.32,21.2 1 0
github.com/bianyuanop/oraclevm/vm/option.go:23.23,24.99 1 0
github.com/bianyuanop/oraclevm/vm/option.go:24.99,25.22 1 0
github.com/bianyuanop/oraclevm/vm/option.go:25.22,27.4 1 0
github.com/bianyuanop/oraclevm/vm/option.go:28.3,28.52 1 0
github.com/bianyuanop/oraclevm/vm/server.go:22.65,28.2 2 0
github.com/bianyuanop/oraclevm/vm/server.go:34.49,36.2 1 0
github.com/bianyuanop/oraclevm/vm/server.go:42.96,45.2 2 0
github.com/bianyuanop/oraclevm/vm/server.go:55.98,60.16 4 0
github.com/bianyuanop/oraclevm/vm/server.go:60.16,62.3 1 0
github.com/bianyuanop/oraclevm/vm/server.go:63.2,64.12 2 0
github.com/bianyuanop/oraclevm/vm/vm.go:30.13,53.20 8 0
github.com/bianyuanop/oraclevm/vm/vm.go:53.20,54.18 1 0
github.com/bianyuanop/oraclevm/vm/vm.go:59.48,72.2 2 0
github.com/bianyuanop/oraclevm/programs/binary_aggregator.go:18.36,22.2 1 0
github.com/bianyuanop/oraclevm/programs/binary_aggregator.go:24.51,25.19 1 0
github.com/bianyuanop/oraclevm/programs/binary_aggregator.go:25.19,27.3 1 0
github.com/bianyuanop/oraclevm/programs/binary_aggregator.go:29.2,31.12 3 0
github.com/bianyuanop/oraclevm/programs/binary_aggregator.go:34.49,38.2 3 0
github.com/bianyuanop/oraclevm/programs/binary_aggregator.go:40.75,42.9 2 0
github.com/bianyuanop/oraclevm/programs/binary_aggregator.go:42.9,44.3 1 0
github.com/bianyuanop/oraclevm/programs/binary_aggregator.go:45.2,45.26 1 0
github.com/bianyuanop/oraclevm/programs/binary_aggregator.go:45.26,47.3 1 0
github.com/bianyuanop/oraclevm/programs/binary_aggregator.go:49.2,49.21 1 0
github.com/bianyuanop/oraclevm/programs/binary_aggregator.go:60.46,66.2 1 0
github.com/bianyuanop/oraclevm/programs/binary_aggregator.go:68.71,70.16 2 0
github.com/bianyuanop/oraclevm/programs/binary_aggregator.go:70.16,72.3 1 0
github.com/bianyuanop/oraclevm/programs/binary_aggregator.go:74.2,75.12 2 0
github.com/bianyuanop/oraclevm/programs/binary_aggregator.go:78.50,79.27 1 0
github.com/bianyuanop/oraclevm/programs/binary_aggregator.go:79.27,81.3 1 0
github.com/bianyuanop/oraclevm/programs/binary_aggregator.go:83.2,84.37 2 0
github.com/bianyuanop/oraclevm/programs/binary_aggregator.go:84.37,86.3 1 0
github.com/bianyuanop/oraclevm/programs/binary_aggregator.go:88.2,91.12 4 0
github.com/bianyuanop/oraclevm/programs/binary_aggregator.go:91.12,92.43 1 0
github.com/bianyuanop/oraclevm/programs/binary_aggregator.go:92.43,96.4 2 0
github.com/bianyuanop/oraclevm/programs/binary_aggregator.go:99.2,101.34 3 0
github.com/bianyuanop/oraclevm/programs/binary_aggregator.go:101.34,102.27 1 0
github.com/bianyuanop/oraclevm/programs/binary_aggregator.go:102.27,105.4 2 0
github.com/bianyuanop/oraclevm/programs/binary_aggregator.go:108.2,110.3 1 0
github.com/bianyuanop/oraclevm/programs/binary_aggregator.go:113.55,115.2 1 0
github.com/bianyuanop/oraclevm/programs/binary_aggregator.go:117.77,119.16 2 0
github.com/bianyuanop/oraclevm/programs/binary_aggregator.go:119.16,121.3 1 0
github.com/bianyuanop/oraclevm/programs/binary_aggregator.go:123.2,123.72 1 0
github.com/bianyuanop/oraclevm/programs/binary_aggregator.go:126.49,128.2 1 0
github.com/bianyuanop/oraclevm/programs/program.go:12.73,13.19 1 0
github.com/bianyuanop/oraclevm/programs/program.go:14.33,16.43 2 0
github.com/bianyuanop/oraclevm/programs/program.go:16.43,18.4 1 0
github.com/bianyuanop/oraclevm/programs/program.go:19.3,19.19 1 0
github.com/bianyuanop/oraclevm/programs/program.go:20.10,21.59 1 0
github.com/bianyuanop/oraclevm/programs/program.go:35.58,36.19 1 0
github.com/bianyuanop/oraclevm/programs/program.go:37.33,38.36 1 0
github.com/bianyuanop/oraclevm/programs/program.go:39.10,40.59 1 0
github.com/bianyuanop/oraclevm/throughput/helper.go:37.65,39.16 2 0
github.com/bianyuanop/oraclevm/throughput/helper.go:39.16,41.3 1 0
github.com/bianyuanop/oraclevm/throughput/helper.go:43.2,44.16 2 0
github.com/bianyuanop/oraclevm/throughput/helper.go:47.54,50.16 3 0
github.com/bianyuanop/oraclevm/throughput/helper.go:50.16,52.3 1 0
github.com/bianyuanop/oraclevm/throughput/helper.go:53.2,54.12 2 0
github.com/bianyuanop/oraclevm/throughput/helper.go:57.76,59.2 1 0
github.com/bianyuanop/oraclevm/throughput/helper.go:61.76,63.16 2 0
github.com/bianyuanop/oraclevm/throughput/helper.go:63.16,65.3 1 0
github.com/bianyuanop/oraclevm/throughput/helper.go:67.2,67.21 1 0
github.com/bianyuanop/oraclevm/throughput/helper.go:70.98,76.2 1 0
github.com/bianyuanop/oraclevm/throughput/helper.go:78.51,82.2 2 0
github.com/bianyuanop/oraclevm/throughput/helper.go:84.44,86.2 1 0
github.com/bianyuanop/oraclevm/common/types.go:17.47,24.2 5 0
github.com/bianyuanop/oraclevm/common/types.go:26.57,32.20 5 0
github.com/bianyuanop/oraclevm/common/types.go:32.20,34.3 1 0
github.com/bianyuanop/oraclevm/common/types.go:36.2,40.8 1 0
github.com/bianyuanop/oraclevm/common/utils.go:8.61,11.29 3 0
github.com/bianyuanop/oraclevm/common/utils.go:11.29,13.3 1 0
github.com/bianyuanop/oraclevm/common/utils.go:15.2,15.27 1 0
github.com/bianyuanop/oraclevm/common/utils.go:18.59,22.37 4 0
github.com/bianyuanop/oraclevm/common/utils.go:22.37,26.3 3 0
github.com/bianyuanop/oraclevm/common/utils.go:28.2,28.21 1 0
github.com/bianyuanop/oraclevm/consts/consts.go:22.13,26.16 4 1
github.com/bianyuanop/oraclevm/consts/consts.go:26.16,27.13 1 0
github.com/bianyuanop/oraclevm/consts/consts.go:29.2,29.11 1 1
github.com/bianyuanop/oraclevm/storage/state_manager.go:18.72,22.2 1 4
github.com/bianyuanop/oraclevm/storage/state_manager.go:29.9,31.16 2 2
github.com/bianyuanop/oraclevm/storage/state_manager.go:31.16,33.3 1 0
github.com/bianyuanop/oraclevm/storage/state_manager.go:34.2,34.18 1 2
github.com/bianyuanop/oraclevm/storage/state_manager.go:34.18,36.3 1 1
github.com/bianyuanop/oraclevm/storage/state_manager.go:37.2,37.12 1 1
github.com/bianyuanop/oraclevm/storage/state_manager.go:45.9,48.2 2 2
github.com/bianyuanop/oraclevm/storage/state_manager.go:55.9,58.2 2 9
github.com/bianyuanop/oraclevm/storage/state_manager.go:60.112,62.2 1 8
github.com/bianyuanop/oraclevm/storage/storage.go:27.25,28.42 1 0
github.com/bianyuanop/oraclevm/storage/storage.go:28.42,30.3 1 0
github.com/bianyuanop/oraclevm/storage/storage.go:31.2,31.16 1 0
github.com/bianyuanop/oraclevm/storage/storage.go:31.16,33.3 1 0
github.com/bianyuanop/oraclevm/storage/storage.go:34.2,34.21 1 0
github.com/bianyuanop/oraclevm/storage/storage.go:52.48,58.2 5 25
github.com/bianyuanop/oraclevm/storage/storage.go:65.19,68.2 2 10
github.com/bianyuanop/oraclevm/storage/storage.go:74.33,78.2 3 21
github.com/bianyuanop/oraclevm/storage/storage.go:85.19,90.2 4 0
github.com/bianyuanop/oraclevm/storage/storage.go:95.25,96.42 1 21
github.com/bianyuanop/oraclevm/storage/storage.go:96.42,98.3 1 9
github.com/bianyuanop/oraclevm/storage/storage.go:99.2,99.16 1 12
github.com/bianyuanop/oraclevm/storage/storage.go:99.16,101.3 1 0
github.com/bianyuanop/oraclevm/storage/storage.go:102.2,103.16 2 12
github.com/bianyuanop/oraclevm/storage/storage.go:103.16,105.3 1 0
github.com/bianyuanop/oraclevm/storage/storage.go:106.2,106.23 1 12
github.com/bianyuanop/oraclevm/storage/storage.go:114.9,117.2 2 0
github.com/bianyuanop/oraclevm/storage/storage.go:124.9,126.2 1 8
github.com/bianyuanop/oraclevm/storage/storage.go:133.19,135.16 2 9
github.com/bianyuanop/oraclevm/storage/storage.go:135.16,137.3 1 0
github.com/bianyuanop/oraclevm/storage/storage.go:138.2,139.16 2 9
github.com/bianyuanop/oraclevm/storage/storage.go:139.16,147.3 1 1
github.com/bianyuanop/oraclevm/storage/storage.go:148.2,148.45 1 8
github.com/bianyuanop/oraclevm/storage/storage.go:156.19,158.9 2 2
github.com/bianyuanop/oraclevm/storage/storage.go:158.9,160.3 1 0
github.com/bianyuanop/oraclevm/storage/storage.go:161.2,161.16 1 2
github.com/bianyuanop/oraclevm/storage/storage.go:161.16,163.3 1 0
github.com/bianyuanop/oraclevm/storage/storage.go:164.2,165.16 2 2
github.com/bianyuanop/oraclevm/storage/storage.go:165.16,173.3 1 1
github.com/bianyuanop/oraclevm/storage/storage.go:174.2,174.15 1 1
github.com/bianyuanop/oraclevm/storage/storage.go:174.15,178.3 1 1
github.com/bianyuanop/oraclevm/storage/storage.go:179.2,179.45 1 0
github.com/bianyuanop/oraclevm/storage/storage.go:187.29,192.2 4 0
github.com/bianyuanop/oraclevm/storage/storage.go:198.19,201.2 2 0
github.com/bianyuanop/oraclevm/storage/storage.go:206.33,210.2 3 0
github.com/bianyuanop/oraclevm/storage/storage.go:217.19,222.2 4 0
github.com/bianyuanop/oraclevm/storage/storage.go:227.25,228.42 1 0
github.com/bianyuanop/oraclevm/storage/storage.go:228.42,230.3 1 0
github.com/bianyuanop/oraclevm/storage/storage.go:231.2,231.16 1 0
github.com/bianyuanop/oraclevm/storage/storage.go:231.16,233.3 1 0
github.com/bianyuanop/oraclevm/storage/storage.go:234.2,235.16 2 0
github.com/bianyuanop/oraclevm/storage/storage.go:235.16,237.3 1 0
github.com/bianyuanop/oraclevm/storage/storage.go:238.2,238.23 1 0
github.com/bianyuanop/oraclevm/storage/storage.go:244.9,247.16 3 0
github.com/bianyuanop/oraclevm/storage/storage.go:247.16,249.3 1 0
github.com/bianyuanop/oraclevm/storage/storage.go:250.2,250.13 1 0
github.com/bianyuanop/oraclevm/storage/storage.go:250.13,252.3 1 0
github.com/bianyuanop/oraclevm/storage/storage.go:253.2,253.45 1 0
github.com/bianyuanop/oraclevm/storage/storage.go:261.9,264.2 2 0
github.com/bianyuanop/oraclevm/storage/storage.go:271.9,273.2 1 0
github.com/bianyuanop/oraclevm/storage/storage.go:280.40,286.2 5 0
github.com/bianyuanop/oraclevm/storage/storage.go:293.19,296.2 2 0
github.com/bianyuanop/oraclevm/storage/storage.go:303.19,307.2 3 0
github.com/bianyuanop/oraclevm/storage/storage.go:312.19,313.42 1 0
github.com/bianyuanop/oraclevm/storage/storage.go:313.42,315.3 1 0
github.com/bianyuanop/oraclevm/storage/storage.go:316.2,316.16 1 0
github.com/bianyuanop/oraclevm/storage/storage.go:316.16,318.3 1 0
github.com/bianyuanop/oraclevm/storage/storage.go:319.2,319.15 1 0
github.com/bianyuanop/oraclevm/storage/storage.go:328.9,331.2 2 0
github.com/bianyuanop/oraclevm/storage/storage.go:338.9,340.2 1 0
github.com/bianyuanop/oraclevm/storage/storage.go:347.45,353.2 5 0
github.com/bianyuanop/oraclevm/storage/storage.go:359.30,362.16 3 0
github.com/bianyuanop/oraclevm/storage/storage.go:362.16,364.3 1 0
github.com/bianyuanop/oraclevm/storage/storage.go:364.8,364.20 1 0
github.com/bianyuanop/oraclevm/storage/storage.go:364.20,366.3 1 0
github.com/bianyuanop/oraclevm/storage/storage.go:368.2,368.41 1 0
github.com/bianyuanop/oraclevm/storage/storage.go:376.9,379.16 3 0
github.com/bianyuanop/oraclevm/storage/storage.go:379.16,381.3 1 0
github.com/bianyuanop/oraclevm/storage/storage.go:382.2,382.29 1 0
github.com/bianyuanop/oraclevm/storage/storage.go:389.30,393.16 4 0
github.com/bianyuanop/oraclevm/storage/storage.go:393.16,395.3 1 0
github.com/bianyuanop/oraclevm/storage/storage.go:395.8,395.20 1 0
github.com/bianyuanop/oraclevm/storage/storage.go:395.20,397.3 1 0
github.com/bianyuanop/oraclevm/storage/storage.go:398.2,398.41 1 0
github.com/bianyuanop/oraclevm/storage/storage.go:406.61,413.2 6 0
github.com/bianyuanop/oraclevm/storage/storage.go:420.28,423.47 3 0
github.com/bianyuanop/oraclevm/storage/storage.go:423.47,425.3 1 0
github.com/bianyuanop/oraclevm/storage/storage.go:425.8,425.20 1 0
github.com/bianyuanop/oraclevm/storage/storage.go:425.20,427.3 1 0
github.com/bianyuanop/oraclevm/storage/storage.go:428.2,428.38 1 0
github.com/bianyuanop/oraclevm/storage/storage.go:437.9,440.16 3 0
github.com/bianyuanop/oraclevm/storage/storage.go:440.16,442.3 1 0
github.com/bianyuanop/oraclevm/storage/storage.go:443.2,443.33 1 0
github.com/bianyuanop/oraclevm/storage/storage.go:451.28,455.47 4 0
github.com/bianyuanop/oraclevm/storage/storage.go:455.47,457.3 1 0
github.com/bianyuanop/oraclevm/storage/storage.go:457.8,457.20 1 0
github.com/bianyuanop/oraclevm/storage/storage.go:457.20,459.3 1 0
github.com/bianyuanop/oraclevm/storage/storage.go:461.2,461.38 1 0
github.com/bianyuanop/oraclevm/storage/storage.go:469.76,477.2 7 0
github.com/bianyuanop/oraclevm/storage/storage.go:485.19,488.13 3 0
github.com/bianyuanop/oraclevm/storage/storage.go:488.13,490.3 1 0
github.com/bianyuanop/oraclevm/storage/storage.go:491.2,491.19 1 0
github.com/bianyuanop/oraclevm/storage/storage.go:501.9,504.2 2 0
github.com/bianyuanop/oraclevm/storage/storage.go:512.19,517.2 4 0
github.com/bianyuanop/oraclevm/storage/storage.go:524.60,531.2 6 0
github.com/bianyuanop/oraclevm/storage/storage.go:538.19,541.13 3 0
github.com/bianyuanop/oraclevm/storage/storage.go:541.13,543.3 1 0
github.com/bianyuanop/oraclevm/storage/storage.go:544.2,544.19 1 0
github.com/bianyuanop/oraclevm/storage/storage.go:553.9,556.2 2 0
github.com/bianyuanop/oraclevm/storage/storage.go:563.19,568.2 4 0
github.com/bianyuanop/oraclevm/storage/storage.go:575.70,582.2 6 0
github.com/bianyuanop/oraclevm/storage/storage.go:589.19,593.2 3 0
github.com/bianyuanop/oraclevm/storage/storage.go:601.9,604.2 2 0
github.com/bianyuanop/oraclevm/storage/storage.go:611.19,614.16 3 0
github.com/bianyuanop/oraclevm/storage/storage.go:614.16,616.3 1 0
github.com/bianyuanop/oraclevm/storage/storage.go:617.2,617.43 1 0
github.com/bianyuanop/oraclevm/storage/storage.go:625.19,630.2 4 0
github.com/bianyuanop/oraclevm/storage/storage.go:637.51,643.2 5 0
github.com/bianyuanop/oraclevm/storage/storage.go:649.19,653.2 3 0
github.com/bianyuanop/oraclevm/storage/storage.go:660.9,663.2 2 0
github.com/bianyuanop/oraclevm/storage/storage.go:670.19,673.16 3 0
github.com/bianyuanop/oraclevm/storage/storage.go:673.16,675.3 1 0
github.com/bianyuanop/oraclevm/storage/storage.go:676.2,677.16 2 0
github.com/bianyuanop/oraclevm/storage/storage.go:677.16,685.3 1 0
github.com/bianyuanop/oraclevm/storage/storage.go:686.2,686.43 1 0
github.com/bianyuanop/oraclevm/storage/storage.go:694.19,697.16 3 0
github.com/bianyuanop/oraclevm/storage/storage.go:697.16,699.3 1 0
github.com/bianyuanop/oraclevm/storage/storage.go:700.2,701.16 2 0
github.com/bianyuanop/oraclevm/storage/storage.go:701.16,709.3 1 0
github.com/bianyuanop/oraclevm/storage/storage.go:710.2,710.15 1 0
github.com/bianyuanop/oraclevm/storage/storage.go:710.15,714.3 1 0
github.com/bianyuanop/oraclevm/storage/storage.go:715.2,715.43 1 0
github.com/bianyuanop/oraclevm/storage/storage.go:722.19,727.2 4 0
github.com/bianyuanop/oraclevm/actions/deposit_feed.go:34.39,36.2 1 0
github.com/bianyuanop/oraclevm/actions/deposit_feed.go:38.76,44.2 1 0
github.com/bianyuanop/oraclevm/actions/deposit_feed.go:53.24,55.16 2 3
github.com/bianyuanop/oraclevm/actions/deposit_feed.go:55.16,57.3 1 0
github.com/bianyuanop/oraclevm/actions/deposit_feed.go:59.2,59.31 1 3
github.com/bianyuanop/oraclevm/actions/deposit_feed.go:59.31,61.3 1 1
github.com/bianyuanop/oraclevm/actions/deposit_feed.go:63.2,64.16 2 2
github.com/bianyuanop/oraclevm/actions/deposit_feed.go:64.16,66.3 1 0
github.com/bianyuanop/oraclevm/actions/deposit_feed.go:68.2,68.25 1 2
github.com/bianyuanop/oraclevm/actions/deposit_feed.go:68.25,70.3 1 1
github.com/bianyuanop/oraclevm/actions/deposit_feed.go:73.2,74.68 2 1
github.com/bianyuanop/oraclevm/actions/deposit_feed.go:74.68,76.3 1 0
github.com/bianyuanop/oraclevm/actions/deposit_feed.go:77.2,77.85 1 1
github.com/bianyuanop/oraclevm/actions/deposit_feed.go:77.85,79.3 1 0
github.com/bianyuanop/oraclevm/actions/deposit_feed.go:81.2,85.8 1 1
github.com/bianyuanop/oraclevm/actions/deposit_feed.go:88.54,90.2 1 0
github.com/bianyuanop/oraclevm/actions/deposit_feed.go:92.60,95.2 1 0
github.com/bianyuanop/oraclevm/actions/deposit_feed.go:105.45,107.2 1 0
github.com/bianyuanop/oraclevm/actions/deposit_feed.go:110.47,112.2 1 0
github.com/bianyuanop/oraclevm/actions/fund_feed.go:24.36,26.2 1 0
github.com/bianyuanop/oraclevm/actions/fund_feed.go:28.73,33.2 1 0
github.com/bianyuanop/oraclevm/actions/fund_feed.go:42.24,44.16 2 2
github.com/bianyuanop/oraclevm/actions/fund_feed.go:44.16,46.3 1 0
github.com/bianyuanop/oraclevm/actions/fund_feed.go:47.2,47.53 1 2
github.com/bianyuanop/oraclevm/actions/fund_feed.go:47.53,49.3 1 1
github.com/bianyuanop/oraclevm/actions/fund_feed.go:52.2,52.73 1 1
github.com/bianyuanop/oraclevm/actions/fund_feed.go:52.73,54.3 1 0
github.com/bianyuanop/oraclevm/actions/fund_feed.go:55.2,56.16 2 1
github.com/bianyuanop/oraclevm/actions/fund_feed.go:56.16,58.3 1 0
github.com/bianyuanop/oraclevm/actions/fund_feed.go:59.2,59.93 1 1
github.com/bianyuanop/oraclevm/actions/fund_feed.go:59.93,61.3 1 0
github.com/bianyuanop/oraclevm/actions/fund_feed.go:63.2,66.8 1 1
github.com/bianyuanop/oraclevm/actions/fund_feed.go:69.51,71.2 1 0
github.com/bianyuanop/oraclevm/actions/fund_feed.go:73.57,76.2 1 0
github.com/bianyuanop/oraclevm/actions/fund_feed.go:85.42,87.2 1 0
github.com/bianyuanop/oraclevm/actions/register_feed.go:48.40,50.2 1 0
github.com/bianyuanop/oraclevm/actions/register_feed.go:52.77,58.2 1 0
github.com/bianyuanop/oraclevm/actions/register_feed.go:67.24,69.16 2 3
github.com/bianyuanop/oraclevm/actions/register_feed.go:69.16,71.3 1 0
github.com/bianyuanop/oraclevm/actions/register_feed.go:73.2,73.34 1 3
github.com/bianyuanop/oraclevm/actions/register_feed.go:73.34,75.3 1 1
github.com/bianyuanop/oraclevm/actions/register_feed.go:77.2,77.36 1 2
github.com/bianyuanop/oraclevm/actions/register_feed.go:77.36,79.3 1 0
github.com/bianyuanop/oraclevm/actions/register_feed.go:81.2,82.16 2 2
github.com/bianyuanop/oraclevm/actions/register_feed.go:82.16,84.3 1 0
github.com/bianyuanop/oraclevm/actions/register_feed.go:87.2,87.67 1 2
github.com/bianyuanop/oraclevm/actions/register_feed.go:87.67,89.3 1 0
github.com/bianyuanop/oraclevm/actions/register_feed.go:90.2,90.57 1 2
github.com/bianyuanop/oraclevm/actions/register_feed.go:90.57,92.3 1 0
github.com/bianyuanop/oraclevm/actions/register_feed.go:94.2,94.85 1 2
github.com/bianyuanop/oraclevm/actions/register_feed.go:94.85,96.3 1 0
github.com/bianyuanop/oraclevm/actions/register_feed.go:97.2,97.94 1 2
github.com/bianyuanop/oraclevm/actions/register_feed.go:97.94,99.3 1 0
github.com/bianyuanop/oraclevm/actions/register_feed.go:101.2,103.8 1 2
github.com/bianyuanop/oraclevm/actions/register_feed.go:106.55,108.2 1 0
github.com/bianyuanop/oraclevm/actions/register_feed.go:110.61,113.2 1 0
github.com/bianyuanop/oraclevm/actions/register_feed.go:121.46,123.2 1 0
github.com/bianyuanop/oraclevm/actions/register_feed.go:125.51,127.2 1 9
github.com/bianyuanop/oraclevm/actions/register_feed.go:130.55,132.49 2 4
github.com/bianyuanop/oraclevm/actions/register_feed.go:132.49,134.3 1 0
github.com/bianyuanop/oraclevm/actions/register_feed.go:135.2,135.17 1 4
github.com/bianyuanop/oraclevm/actions/report_feed.go:40.38,42.2 1 0
github.com/bianyuanop/oraclevm/actions/report_feed.go:45.75,54.2 1 0
github.com/bianyuanop/oraclevm/actions/report_feed.go:63.24,65.16 2 5
github.com/bianyuanop/oraclevm/actions/report_feed.go:65.16,67.3 1 0
github.com/bianyuanop/oraclevm/actions/report_feed.go:69.2,69.31 1 5
github.com/bianyuanop/oraclevm/actions/report_feed.go:69.31,71.3 1 1
github.com/bianyuanop/oraclevm/actions/report_feed.go:73.2,74.16 2 4
github.com/bianyuanop/oraclevm/actions/report_feed.go:74.16,76.3 1 0
github.com/bianyuanop/oraclevm/actions/report_feed.go:78.2,79.16 2 4
github.com/bianyuanop/oraclevm/actions/report_feed.go:79.16,81.3 1 0
github.com/bianyuanop/oraclevm/actions/report_feed.go:83.2,84.16 2 4
github.com/bianyuanop/oraclevm/actions/report_feed.go:84.16,86.3 1 0
github.com/bianyuanop/oraclevm/actions/report_feed.go:89.2,89.22 1 4
github.com/bianyuanop/oraclevm/actions/report_feed.go:89.22,96.77 2 3
github.com/bianyuanop/oraclevm/actions/report_feed.go:96.77,98.4 1 0
github.com/bianyuanop/oraclevm/actions/report_feed.go:101.2,101.39 1 4
github.com/bianyuanop/oraclevm/actions/report_feed.go:101.39,103.3 1 0
github.com/bianyuanop/oraclevm/actions/report_feed.go:105.2,106.16 2 4
github.com/bianyuanop/oraclevm/actions/report_feed.go:106.16,108.3 1 0
github.com/bianyuanop/oraclevm/actions/report_feed.go:110.2,110.35 1 4
github.com/bianyuanop/oraclevm/actions/report_feed.go:110.35,112.3 1 0
github.com/bianyuanop/oraclevm/actions/report_feed.go:115.2,115.31 1 4
github.com/bianyuanop/oraclevm/actions/report_feed.go:115.31,124.17 6 1
github.com/bianyuanop/oraclevm/actions/report_feed.go:124.17,126.4 1 0
github.com/bianyuanop/oraclevm/actions/report_feed.go:128.3,129.17 2 1
github.com/bianyuanop/oraclevm/actions/report_feed.go:129.17,131.4 1 0
github.com/bianyuanop/oraclevm/actions/report_feed.go:134.3,134.38 1 1
github.com/bianyuanop/oraclevm/actions/report_feed.go:134.38,136.18 2 120
github.com/bianyuanop/oraclevm/actions/report_feed.go:136.18,138.5 1 0
github.com/bianyuanop/oraclevm/actions/report_feed.go:139.4,140.18 2 120
github.com/bianyuanop/oraclevm/actions/report_feed.go:140.18,142.5 1 0
github.com/bianyuanop/oraclevm/actions/report_feed.go:143.4,143.51 1 120
github.com/bianyuanop/oraclevm/actions/report_feed.go:143.51,145.5 1 0
github.com/bianyuanop/oraclevm/actions/report_feed.go:146.4,146.39 1 120
github.com/bianyuanop/oraclevm/actions/report_feed.go:150.3,152.38 2 1
github.com/bianyuanop/oraclevm/actions/report_feed.go:152.38,155.18 3 120
github.com/bianyuanop/oraclevm/actions/report_feed.go:155.18,157.5 1 0
github.com/bianyuanop/oraclevm/actions/report_feed.go:158.4,158.18 1 120
github.com/bianyuanop/oraclevm/actions/report_feed.go:158.18,160.5 1 100
github.com/bianyuanop/oraclevm/actions/report_feed.go:160.10,162.5 1 20
github.com/bianyuanop/oraclevm/actions/report_feed.go:166.3,169.100 3 1
github.com/bianyuanop/oraclevm/actions/report_feed.go:169.100,171.4 1 0
github.com/bianyuanop/oraclevm/actions/report_feed.go:173.3,173.43 1 1
github.com/bianyuanop/oraclevm/actions/report_feed.go:173.43,175.18 2 20
github.com/bianyuanop/oraclevm/actions/report_feed.go:175.18,177.5 1 0
github.com/bianyuanop/oraclevm/actions/report_feed.go:178.4,178.26 1 20
github.com/bianyuanop/oraclevm/actions/report_feed.go:181.3,181.40 1 1
github.com/bianyuanop/oraclevm/actions/report_feed.go:181.40,183.75 2 101
github.com/bianyuanop/oraclevm/actions/report_feed.go:183.75,185.5 1 0
github.com/bianyuanop/oraclevm/actions/report_feed.go:186.4,186.25 1 101
github.com/bianyuanop/oraclevm/actions/report_feed.go:189.3,189.51 1 1
github.com/bianyuanop/oraclevm/actions/report_feed.go:189.51,191.18 2 1
github.com/bianyuanop/oraclevm/actions/report_feed.go:191.18,193.5 1 0
github.com/bianyuanop/oraclevm/actions/report_feed.go:196.3,202.80 2 1
github.com/bianyuanop/oraclevm/actions/report_feed.go:202.80,204.4 1 0
github.com/bianyuanop/oraclevm/actions/report_feed.go:207.3,208.17 2 1
github.com/bianyuanop/oraclevm/actions/report_feed.go:208.17,210.4 1 0
github.com/bianyuanop/oraclevm/actions/report_feed.go:211.3,211.97 1 1
github.com/bianyuanop/oraclevm/actions/report_feed.go:211.97,213.4 1 0
github.com/bianyuanop/oraclevm/actions/report_feed.go:215.3,220.9 1 1
github.com/bianyuanop/oraclevm/actions/report_feed.go:223.2,224.16 2 3
github.com/bianyuanop/oraclevm/actions/report_feed.go:224.16,226.3 1 0
github.com/bianyuanop/oraclevm/actions/report_feed.go:229.2,230.16 2 3
github.com/bianyuanop/oraclevm/actions/report_feed.go:230.16,232.3 1 0
github.com/bianyuanop/oraclevm/actions/report_feed.go:234.2,234.39 1 3
github.com/bianyuanop/oraclevm/actions/report_feed.go:234.39,236.17 2 122
github.com/bianyuanop/oraclevm/actions/report_feed.go:236.17,238.4 1 0
github.com/bianyuanop/oraclevm/actions/report_feed.go:240.3,241.17 2 122
github.com/bianyuanop/oraclevm/actions/report_feed.go:241.17,243.4 1 0
github.com/bianyuanop/oraclevm/actions/report_feed.go:245.3,245.50 1 122
github.com/bianyuanop/oraclevm/actions/report_feed.go:245.50,247.4 1 0
github.com/bianyuanop/oraclevm/actions/report_feed.go:251.2,252.16 2 3
github.com/bianyuanop/oraclevm/actions/report_feed.go:252.16,254.3 1 0
github.com/bianyuanop/oraclevm/actions/report_feed.go:255.2,255.53 1 3
github.com/bianyuanop/oraclevm/actions/report_feed.go:255.53,257.3 1 0
github.com/bianyuanop/oraclevm/actions/report_feed.go:261.2,266.16 4 3
github.com/bianyuanop/oraclevm/actions/report_feed.go:266.16,268.3 1 0
github.com/bianyuanop/oraclevm/actions/report_feed.go:270.2,270.93 1 3
github.com/bianyuanop/oraclevm/actions/report_feed.go:270.93,272.3 1 0
github.com/bianyuanop/oraclevm/actions/report_feed.go:274.2,275.98 2 3
github.com/bianyuanop/oraclevm/actions/report_feed.go:275.98,277.3 1 0
github.com/bianyuanop/oraclevm/actions/report_feed.go:279.2,280.16 2 3
github.com/bianyuanop/oraclevm/actions/report_feed.go:280.16,282.3 1 0
github.com/bianyuanop/oraclevm/actions/report_feed.go:284.2,288.8 1 3
github.com/bianyuanop/oraclevm/actions/report_feed.go:291.53,293.2 1 0
github.com/bianyuanop/oraclevm/actions/report_feed.go:295.59,298.2 1 0
github.com/bianyuanop/oraclevm/actions/report_feed.go:310.44,312.2 1 0
github.com/bianyuanop/oraclevm/actions/report_feed.go:315.46,317.2 1 0
github.com/bianyuanop/oraclevm/actions/transfer.go:42.36,44.2 1 0
github.com/bianyuanop/oraclevm/actions/transfer.go:46.72,51.2 1 0
github.com/bianyuanop/oraclevm/actions/transfer.go:60.24,61.18 1 8
github.com/bianyuanop/oraclevm/actions/transfer.go:61.18,63.3 1 1
github.com/bianyuanop/oraclevm/actions/transfer.go:64.2,64.31 1 7
github.com/bianyuanop/oraclevm/actions/transfer.go:64.31,66.3 1 0
github.com/bianyuanop/oraclevm/actions/transfer.go:67.2,68.16 2 7
github.com/bianyuanop/oraclevm/actions/transfer.go:68.16,70.3 1 3
github.com/bianyuanop/oraclevm/actions/transfer.go:71.2,72.16 2 4
github.com/bianyuanop/oraclevm/actions/transfer.go:72.16,74.3 1 0
github.com/bianyuanop/oraclevm/actions/transfer.go:76.2,79.8 1 4
github.com/bianyuanop/oraclevm/actions/transfer.go:82.51,84.2 1 0
github.com/bianyuanop/oraclevm/actions/transfer.go:86.57,89.2 1 0
github.com/bianyuanop/oraclevm/actions/transfer.go:98.42,100.2 1 0
github.com/bianyuanop/oraclevm/common/types.go:17.47,24.2 5 5
github.com/bianyuanop/oraclevm/common/types.go:26.57,32.20 5 2
github.com/bianyuanop/oraclevm/common/types.go:32.20,34.3 1 0
github.com/bianyuanop/oraclevm/common/types.go:36.2,40.8 1 2
github.com/bianyuanop/oraclevm/common/utils.go:8.61,11.29 3 6
github.com/bianyuanop/oraclevm/common/utils.go:11.29,13.3 1 367
github.com/bianyuanop/oraclevm/common/utils.go:15.2,15.27 1 6
github.com/bianyuanop/oraclevm/common/utils.go:18.59,22.37 4 7
github.com/bianyuanop/oraclevm/common/utils.go:22.37,26.3 3 487
github.com/bianyuanop/oraclevm/common/utils.go:28.2,28.21 1 7
github.com/bianyuanop/oraclevm/consts/consts.go:22.13,26.16 4 1
github.com/bianyuanop/oraclevm/consts/consts.go:26.16,27.13 1 0
github.com/bianyuanop/oraclevm/consts/consts.go:29.2,29.11 1 1
github.com/bianyuanop/oraclevm/programs/binary_aggregator.go:18.36,22.2 1 245
github.com/bianyuanop/oraclevm/programs/binary_aggregator.go:24.51,25.19 1 245
github.com/bianyuanop/oraclevm/programs/binary_aggregator.go:25.19,27.3 1 0
github.com/bianyuanop/oraclevm/programs/binary_aggregator.go:29.2,31.12 3 245
github.com/bianyuanop/oraclevm/programs/binary_aggregator.go:34.49,38.2 3 4
github.com/bianyuanop/oraclevm/programs/binary_aggregator.go:40.75,42.9 2 365
github.com/bianyuanop/oraclevm/programs/binary_aggregator.go:42.9,44.3 1 0
github.com/bianyuanop/oraclevm/programs/binary_aggregator.go:45.2,45.26 1 365
github.com/bianyuanop/oraclevm/programs/binary_aggregator.go:45.26,47.3 1 0
github.com/bianyuanop/oraclevm/programs/binary_aggregator.go:49.2,49.21 1 365
github.com/bianyuanop/oraclevm/programs/binary_aggregator.go:60.46,66.2 1 4
github.com/bianyuanop/oraclevm/programs/binary_aggregator.go:68.71,70.16 2 245
github.com/bianyuanop/oraclevm/programs/binary_aggregator.go:70.16,72.3 1 0
github.com/bianyuanop/oraclevm/programs/binary_aggregator.go:74.2,75.12 2 245
github.com/bianyuanop/oraclevm/programs/binary_aggregator.go:78.50,79.27 1 4
github.com/bianyuanop/oraclevm/programs/binary_aggregator.go:79.27,81.3 1 0
github.com/bianyuanop/oraclevm/programs/binary_aggregator.go:83.2,84.37 2 4
github.com/bianyuanop/oraclevm/programs/binary_aggregator.go:84.37,86.3 1 245
github.com/bianyuanop/oraclevm/programs/binary_aggregator.go:88.2,91.12 4 4
github.com/bianyuanop/oraclevm/programs/binary_aggregator.go:91.12,92.43 1 3
github.com/bianyuanop/oraclevm/programs/binary_aggregator.go:92.43,96.4 2 0
github.com/bianyuanop/oraclevm/programs/binary_aggregator.go:99.2,101.34 3 4
github.com/bianyuanop/oraclevm/programs/binary_aggregator.go:101.34,102.27 1 8
github.com/bianyuanop/oraclevm/programs/binary_aggregator.go:102.27,105.4 2 1
github.com/bianyuanop/oraclevm/programs/binary_aggregator.go:108.2,110.3 1 4
github.com/bianyuanop/oraclevm/programs/binary_aggregator.go:113.55,115.2 1 4
github.com/bianyuanop/oraclevm/programs/binary_aggregator.go:117.77,119.16 2 120
github.com/bianyuanop/oraclevm/programs/binary_aggregator.go:119.16,121.3 1 0
github.com/bianyuanop/oraclevm/programs/binary_aggregator.go:123.2,123.72 1 120
github.com/bianyuanop/oraclevm/programs/binary_aggregator.go:126.49,128.2 1 0
github.com/bianyuanop/oraclevm/programs/program.go:12.73,13.19 1 245
github.com/bianyuanop/oraclevm/programs/program.go:14.33,16.43 2 245
github.com/bianyuanop/oraclevm/programs/program.go:16.43,18.4 1 0
github.com/bianyuanop/oraclevm/programs/program.go:19.3,19.19 1 245
github.com/bianyuanop/oraclevm/programs/program.go:20.10,21.59 1 0
github.com/bianyuanop/oraclevm/programs/program.go:35.58,36.19 1 4
github.com/bianyuanop/oraclevm/programs/program.go:37.33,38.36 1 4
github.com/bianyuanop/oraclevm/programs/program.go:39.10,40.59 1 0
